2023-08-13 22:14:24.552 INFO     :: Connection to amqp://crwl:******@rabbitmq/ closed. Reconnecting after 5 seconds.
2023-08-13 22:14:24.560 ERROR    :: Ошибка связи с брокером: [Errno -2] Name or service not known
2023-08-13 22:14:29.584 INFO     :: Connection to amqp://crwl:******@rabbitmq/ closed. Reconnecting after 5 seconds.
2023-08-13 22:14:29.588 ERROR    :: Ошибка связи с брокером: [Errno -2] Name or service not known
2023-08-13 22:14:34.621 INFO     :: Connection to amqp://crwl:******@rabbitmq/ closed. Reconnecting after 5 seconds.
2023-08-13 22:14:34.625 ERROR    :: Ошибка связи с брокером: [Errno -2] Name or service not known
2023-08-13 22:14:39.665 INFO     :: Connection to amqp://crwl:******@rabbitmq/ closed. Reconnecting after 5 seconds.
2023-08-13 22:14:39.672 ERROR    :: Ошибка связи с брокером: [Errno -2] Name or service not known
2023-08-13 22:14:44.689 INFO     :: Connection to amqp://crwl:******@rabbitmq/ closed. Reconnecting after 5 seconds.
2023-08-13 22:14:44.691 ERROR    :: Ошибка связи с брокером: [Errno 111] Connect call failed ('172.19.0.5', 5672)
2023-08-13 22:14:49.701 INFO     :: Connection to amqp://crwl:******@rabbitmq/ closed. Reconnecting after 5 seconds.
2023-08-13 22:14:49.703 ERROR    :: Ошибка связи с брокером: [Errno 111] Connect call failed ('172.19.0.5', 5672)
2023-08-13 22:14:54.786 INFO     :: Связь с AMQP сервером установлена.
2023-08-13 22:17:28.227 INFO     :: Связь с AMQP сервером установлена.
2023-08-13 22:19:32.230 INFO     :: Связь с AMQP сервером установлена.
2023-08-13 22:26:15.033 INFO     :: Связь с AMQP сервером установлена.
2023-08-13 22:27:07.243 INFO     :: Связь с AMQP сервером установлена.
2023-08-13 22:27:16.172 INFO     :: Связь с AMQP сервером установлена.
2023-08-13 22:31:46.517 INFO     :: Связь с AMQP сервером установлена.
2023-08-13 22:31:55.419 INFO     :: Связь с AMQP сервером установлена.
2023-08-15 19:27:34.038 INFO     :: Связь с AMQP сервером установлена.
2023-08-15 19:27:43.220 INFO     :: Связь с AMQP сервером установлена.
2023-08-15 19:43:09.045 INFO     :: Связь с AMQP сервером установлена.
2023-08-15 19:43:48.174 INFO     :: Связь с AMQP сервером установлена.
2023-08-15 19:43:57.451 INFO     :: Связь с AMQP сервером установлена.
2023-08-15 19:58:50.602 INFO     :: Связь с AMQP сервером установлена.
2023-08-15 19:58:59.948 INFO     :: Связь с AMQP сервером установлена.
2023-08-15 22:58:14.176 INFO     :: Connection to amqp://crwl:******@rabbitmq/ closed. Reconnecting after 5 seconds.
2023-08-15 22:58:14.185 ERROR    :: Ошибка связи с брокером: [Errno 111] Connect call failed ('172.19.0.2', 5672)
2023-08-15 22:58:19.251 INFO     :: Связь с AMQP сервером установлена.
2023-08-15 22:58:28.500 INFO     :: Связь с AMQP сервером установлена.
2023-08-15 22:58:49.012 ERROR    :: template={'comp_card': {'summary': TemplateFieldInDB(constraints=TemplateFieldCostraints(root=TemplateFieldStringDataType(required=True, data_type='str', max_length=500))), 'title': TemplateFieldInDB(constraints=TemplateFieldCostraints(root=TemplateFieldStringDataType(required=True, data_type='str', max_length=500))), 'block_type': RootModel[Literal[str]](root='list')}, 'comp_item': {'meta': TemplateFieldInDB(constraints=TemplateFieldCostraints(root=TemplateFieldListDataType(required=True, data_type='array', internal_type=<ArrayDataTypesEnum.TemplateFieldStringDataType: 'str'>, max_length=30))), 'register_date': TemplateFieldInDB(constraints=TemplateFieldCostraints(root=TemplateFieldDateDataType(required=True, data_type='date')))}}
2023-08-15 22:58:49.032 INFO     :: {'action': 'create', 'data': {'template': {'comp_card': {'summary': {'constraints': {'required': True, 'data_type': 'str', 'max_length': 500}}, 'title': {'constraints': {'required': True, 'data_type': 'str', 'max_length': 500}}, 'block_type': 'list'}, 'comp_item': {'meta': {'constraints': {'required': True, 'data_type': 'array', 'internal_type': 'TemplateFieldStringDataType', 'max_length': 30}}, 'register_date': {'constraints': {'required': True, 'data_type': 'date'}}}}}}
2023-08-16 14:28:03.772 INFO     :: Connection to amqp://crwl:******@rabbitmq/ closed. Reconnecting after 5 seconds.
2023-08-16 14:28:03.785 ERROR    :: Ошибка связи с брокером: [Errno 111] Connect call failed ('172.19.0.3', 5672)
2023-08-16 14:28:08.860 INFO     :: Связь с AMQP сервером установлена.
2023-08-16 14:29:11.865 ERROR    :: template={'comp_card': {'summary': TemplateFieldInDB(constraints=TemplateFieldCostraints(root=TemplateFieldStringDataType(required=True, data_type='str', max_length=500))), 'title': TemplateFieldInDB(constraints=TemplateFieldCostraints(root=TemplateFieldStringDataType(required=True, data_type='str', max_length=500))), 'block_type': RootModel[Literal[str]](root='list')}, 'comp_item': {'meta': TemplateFieldInDB(constraints=TemplateFieldCostraints(root=TemplateFieldListDataType(required=True, data_type='array', internal_type=<ArrayDataTypesEnum.TemplateFieldStringDataType: 'str'>, max_length=30))), 'register_date': TemplateFieldInDB(constraints=TemplateFieldCostraints(root=TemplateFieldDateDataType(required=True, data_type='date')))}}
2023-08-16 14:29:11.880 INFO     :: {'action': 'create', 'data': {'template': {'comp_card': {'summary': {'constraints': {'required': True, 'data_type': 'str', 'max_length': 500}}, 'title': {'constraints': {'required': True, 'data_type': 'str', 'max_length': 500}}, 'block_type': 'list'}, 'comp_item': {'meta': {'constraints': {'required': True, 'data_type': 'array', 'internal_type': 'TemplateFieldStringDataType', 'max_length': 30}}, 'register_date': {'constraints': {'required': True, 'data_type': 'date'}}}}}}
2023-08-16 14:30:31.827 INFO     :: Связь с AMQP сервером установлена.
2023-08-16 14:30:42.842 INFO     :: Связь с AMQP сервером установлена.
2023-08-16 14:31:00.771 ERROR    :: template={'comp_card': {'summary': TemplateFieldInDB(constraints=TemplateFieldCostraints(root=TemplateFieldStringDataType(required=True, data_type='str', max_length=500))), 'title': TemplateFieldInDB(constraints=TemplateFieldCostraints(root=TemplateFieldStringDataType(required=True, data_type='str', max_length=500))), 'block_type': RootModel[Literal[str]](root='list')}, 'comp_item': {'meta': TemplateFieldInDB(constraints=TemplateFieldCostraints(root=TemplateFieldListDataType(required=True, data_type='array', internal_type=<ArrayDataTypesEnum.TemplateFieldStringDataType: 'str'>, max_length=30))), 'register_date': TemplateFieldInDB(constraints=TemplateFieldCostraints(root=TemplateFieldDateDataType(required=True, data_type='date')))}}
2023-08-16 14:31:00.784 INFO     :: {'action': 'create', 'data': {'template': {'comp_card': {'summary': {'constraints': {'required': True, 'data_type': 'str', 'max_length': 500}}, 'title': {'constraints': {'required': True, 'data_type': 'str', 'max_length': 500}}, 'block_type': 'list'}, 'comp_item': {'meta': {'constraints': {'required': True, 'data_type': 'array', 'internal_type': 'TemplateFieldStringDataType', 'max_length': 30}}, 'register_date': {'constraints': {'required': True, 'data_type': 'date'}}}}}}
2023-08-16 14:32:57.345 INFO     :: Связь с AMQP сервером установлена.
2023-08-16 14:33:06.687 INFO     :: Связь с AMQP сервером установлена.
2023-08-16 14:36:03.260 INFO     :: {'action': 'create', 'data': {'template': {'comp_card': {'summary': {'constraints': {'required': True, 'data_type': 'str', 'max_length': 500}}, 'title': {'constraints': {'required': True, 'data_type': 'str', 'max_length': 500}}, 'block_type': 'list'}, 'comp_item': {'meta': {'constraints': {'required': True, 'data_type': 'array', 'internal_type': 'TemplateFieldStringDataType', 'max_length': 30}}, 'register_date': {'constraints': {'required': True, 'data_type': 'date'}}}}}}
2023-08-16 14:37:20.022 INFO     :: Связь с AMQP сервером установлена.
2023-08-16 14:37:29.283 INFO     :: Связь с AMQP сервером установлена.
2023-08-16 14:37:36.348 INFO     :: {'action': 'create', 'data': {'template': {'comp_card': {'summary': {'constraints': {'required': True, 'data_type': 'str', 'max_length': 500}}, 'title': {'constraints': {'required': True, 'data_type': 'str', 'max_length': 500}}, 'block_type': 'list'}, 'comp_item': {'meta': {'constraints': {'required': True, 'data_type': 'array', 'internal_type': 'TemplateFieldStringDataType', 'max_length': 30}}, 'register_date': {'constraints': {'required': True, 'data_type': 'date'}}}}}}
2023-08-16 14:39:52.991 INFO     :: Связь с AMQP сервером установлена.
2023-08-16 14:40:35.130 INFO     :: Связь с AMQP сервером установлена.
2023-08-16 14:40:45.625 INFO     :: Связь с AMQP сервером установлена.
2023-08-16 15:32:30.946 INFO     :: {'action': 'create', 'data': {'template': {'comp_card': {'summary': {'constraints': {'required': True, 'data_type': 'str', 'max_length': 500}}, 'title': {'constraints': {'required': True, 'data_type': 'str', 'max_length': 500}}, 'block_type': 'list'}, 'comp_item': {'meta': {'constraints': {'required': True, 'data_type': 'array', 'internal_type': 'TemplateFieldStringDataType', 'max_length': 30}}, 'register_date': {'constraints': {'required': True, 'data_type': 'date'}}}}}}
2023-08-16 15:34:55.455 INFO     :: Связь с AMQP сервером установлена.
2023-08-16 15:35:06.075 INFO     :: Связь с AMQP сервером установлена.
2023-08-16 15:48:53.322 INFO     :: {'action': 'create', 'data': {'template': {'comp_card': {'summary': {'constraints': {'required': True, 'data_type': 'str', 'max_length': 500}}, 'title': {'constraints': {'required': True, 'data_type': 'str', 'max_length': 500}}, 'block_type': 'list'}, 'comp_item': {'meta': {'constraints': {'required': True, 'data_type': 'array', 'internal_type': 'TemplateFieldStringDataType', 'max_length': 30}}, 'register_date': {'constraints': {'required': True, 'data_type': 'date'}}}}}}
2023-08-16 16:02:19.247 INFO     :: Связь с AMQP сервером установлена.
2023-08-16 16:02:28.590 INFO     :: Связь с AMQP сервером установлена.
2023-08-16 16:04:30.678 INFO     :: {'action': 'create', 'data': {'template': {'comp_card': {'summary': {'constraints': {'required': True, 'data_type': 'str', 'max_length': 500}}, 'title': {'constraints': {'required': True, 'data_type': 'str', 'max_length': 500}}, 'block_type': 'list'}, 'comp_item': {'meta': {'constraints': {'required': True, 'data_type': 'array', 'internal_type': 'TemplateFieldStringDataType', 'max_length': 30}}, 'register_date': {'constraints': {'required': True, 'data_type': 'date'}}}}}}
2023-08-16 16:05:49.221 INFO     :: Связь с AMQP сервером установлена.
2023-08-16 16:05:59.123 INFO     :: Связь с AMQP сервером установлена.
2023-08-16 16:11:51.952 INFO     :: Связь с AMQP сервером установлена.
2023-08-16 16:12:01.051 INFO     :: Связь с AMQP сервером установлена.
2023-08-16 16:12:41.102 INFO     :: Связь с AMQP сервером установлена.
2023-08-16 16:12:51.108 INFO     :: Связь с AMQP сервером установлена.
2023-08-16 16:17:25.568 INFO     :: Связь с AMQP сервером установлена.
2023-08-16 16:17:34.664 INFO     :: Связь с AMQP сервером установлена.
2023-08-16 16:19:18.060 INFO     :: Связь с AMQP сервером установлена.
2023-08-16 16:19:27.206 INFO     :: Связь с AMQP сервером установлена.
2023-08-16 16:20:10.645 INFO     :: Связь с AMQP сервером установлена.
2023-08-16 16:20:20.215 INFO     :: Связь с AMQP сервером установлена.
2023-08-16 16:21:23.520 INFO     :: Связь с AMQP сервером установлена.
2023-08-16 16:21:32.650 INFO     :: Связь с AMQP сервером установлена.
2023-08-16 16:21:53.061 INFO     :: Связь с AMQP сервером установлена.
2023-08-16 16:22:02.310 INFO     :: Связь с AMQP сервером установлена.
2023-08-16 16:24:01.092 INFO     :: Связь с AMQP сервером установлена.
2023-08-16 16:24:10.556 INFO     :: Связь с AMQP сервером установлена.
2023-08-16 16:24:49.603 INFO     :: Связь с AMQP сервером установлена.
2023-08-16 16:24:58.875 INFO     :: Связь с AMQP сервером установлена.
2023-08-16 16:26:33.067 INFO     :: Связь с AMQP сервером установлена.
2023-08-16 16:26:42.112 INFO     :: Связь с AMQP сервером установлена.
2023-08-16 16:29:02.570 INFO     :: Связь с AMQP сервером установлена.
2023-08-16 16:29:11.727 INFO     :: Связь с AMQP сервером установлена.
2023-08-16 16:34:02.925 INFO     :: Связь с AMQP сервером установлена.
2023-08-16 16:34:12.187 INFO     :: Связь с AMQP сервером установлена.
2023-08-16 18:20:16.360 INFO     :: Связь с AMQP сервером установлена.
2023-08-16 18:20:25.462 INFO     :: Связь с AMQP сервером установлена.
2023-08-16 18:21:36.112 INFO     :: Связь с AMQP сервером установлена.
2023-08-16 18:21:45.193 INFO     :: Связь с AMQP сервером установлена.
2023-08-16 18:32:42.012 INFO     :: Связь с AMQP сервером установлена.
2023-08-16 18:32:51.643 INFO     :: Связь с AMQP сервером установлена.
2023-08-16 18:33:27.379 INFO     :: Связь с AMQP сервером установлена.
2023-08-16 18:33:36.495 INFO     :: Связь с AMQP сервером установлена.
2023-08-16 18:38:19.325 INFO     :: Связь с AMQP сервером установлена.
2023-08-16 18:38:28.589 INFO     :: Связь с AMQP сервером установлена.
2023-08-16 18:39:34.464 INFO     :: Связь с AMQP сервером установлена.
2023-08-16 18:39:43.632 INFO     :: Связь с AMQP сервером установлена.
2023-08-16 18:41:38.381 INFO     :: Связь с AMQP сервером установлена.
2023-08-16 18:41:47.585 INFO     :: Связь с AMQP сервером установлена.
2023-08-17 13:44:29.865 INFO     :: Связь с AMQP сервером установлена.
2023-08-17 13:44:39.109 INFO     :: Связь с AMQP сервером установлена.
2023-08-17 17:28:16.446 INFO     :: Connection to amqp://crwl:******@rabbitmq/ closed. Reconnecting after 5 seconds.
2023-08-17 17:28:16.457 ERROR    :: Ошибка связи с брокером: [Errno 111] Connect call failed ('172.19.0.4', 5672)
2023-08-17 17:28:21.500 INFO     :: Связь с AMQP сервером установлена.
2023-08-17 17:32:27.843 INFO     :: Связь с AMQP сервером установлена.
2023-08-17 17:35:56.775 INFO     :: Связь с AMQP сервером установлена.
2023-08-17 17:36:05.899 INFO     :: Связь с AMQP сервером установлена.
2023-08-17 18:12:21.498 INFO     :: Связь с AMQP сервером установлена.
2023-08-17 18:12:30.720 INFO     :: Связь с AMQP сервером установлена.
2023-08-17 18:13:41.478 INFO     :: Связь с AMQP сервером установлена.
2023-08-17 18:13:50.581 INFO     :: Связь с AMQP сервером установлена.
2023-08-17 18:16:33.132 INFO     :: Связь с AMQP сервером установлена.
2023-08-17 18:16:42.372 INFO     :: Связь с AMQP сервером установлена.
2023-08-17 18:17:46.827 INFO     :: Связь с AMQP сервером установлена.
2023-08-17 18:17:56.322 INFO     :: Связь с AMQP сервером установлена.
2023-08-17 18:18:10.246 INFO     :: Связь с AMQP сервером установлена.
2023-08-17 18:18:19.688 INFO     :: Связь с AMQP сервером установлена.
2023-08-17 18:18:55.503 INFO     :: Связь с AMQP сервером установлена.
2023-08-17 18:19:04.616 INFO     :: Связь с AMQP сервером установлена.
2023-08-17 22:19:35.535 INFO     :: Связь с AMQP сервером установлена.
2023-08-17 22:19:44.719 INFO     :: Связь с AMQP сервером установлена.
2023-08-22 10:13:02.906 INFO     :: Connection to amqp://crwl:******@rabbitmq/ closed. Reconnecting after 5 seconds.
2023-08-22 10:13:02.915 ERROR    :: Ошибка связи с брокером: [Errno 111] Connect call failed ('172.19.0.2', 5672)
2023-08-22 10:13:07.994 INFO     :: Связь с AMQP сервером установлена.
2023-08-22 20:45:17.309 INFO     :: Связь с AMQP сервером установлена.
2023-08-22 21:05:14.441 INFO     :: Связь с AMQP сервером установлена.
2023-08-22 21:05:39.715 INFO     :: Связь с AMQP сервером установлена.
2023-08-22 21:05:46.863 INFO     :: Связь с AMQP сервером установлена.
2023-08-22 21:10:41.535 INFO     :: Связь с AMQP сервером установлена.
2023-08-22 21:10:49.949 INFO     :: Связь с AMQP сервером установлена.
2023-08-22 21:51:55.748 INFO     :: Связь с AMQP сервером установлена.
2023-08-22 21:52:03.136 INFO     :: Связь с AMQP сервером установлена.
2023-08-22 21:57:10.002 INFO     :: Связь с AMQP сервером установлена.
2023-08-22 21:57:17.290 INFO     :: Связь с AMQP сервером установлена.
2023-08-22 22:59:54.190 INFO     :: Связь с AMQP сервером установлена.
2023-08-22 23:00:02.521 INFO     :: Связь с AMQP сервером установлена.
2023-08-23 10:19:51.542 INFO     :: Connection to amqp://crwl:******@rabbitmq/ closed. Reconnecting after 5 seconds.
2023-08-23 10:19:51.558 ERROR    :: Ошибка связи с брокером: [Errno 111] Connection refused
2023-08-23 10:19:56.655 INFO     :: Связь с AMQP сервером установлена.
2023-08-23 10:43:40.639 INFO     :: Связь с AMQP сервером установлена.
2023-08-23 10:43:48.006 INFO     :: Связь с AMQP сервером установлена.
2023-08-23 15:14:33.072 INFO     :: Связь с AMQP сервером установлена.
2023-08-23 15:15:17.875 INFO     :: Связь с AMQP сервером установлена.
2023-08-23 15:15:25.869 INFO     :: Связь с AMQP сервером установлена.
2023-08-23 15:21:43.755 INFO     :: Связь с AMQP сервером установлена.
2023-08-23 15:21:51.428 INFO     :: Связь с AMQP сервером установлена.
2023-08-23 15:29:39.057 INFO     :: Связь с AMQP сервером установлена.
2023-08-23 15:29:46.378 INFO     :: Связь с AMQP сервером установлена.
2023-08-23 15:33:29.742 INFO     :: Связь с AMQP сервером установлена.
2023-08-23 15:34:02.513 INFO     :: Связь с AMQP сервером установлена.
2023-08-23 15:34:09.736 INFO     :: Связь с AMQP сервером установлена.
2023-08-23 16:09:06.412 INFO     :: Connection to amqp://crwl:******@rabbitmq/ closed. Reconnecting after 5 seconds.
2023-08-23 16:09:06.429 ERROR    :: Ошибка связи с брокером: [Errno 111] Connection refused
2023-08-23 16:09:11.517 INFO     :: Связь с AMQP сервером установлена.
2023-08-23 16:09:19.672 INFO     :: Связь с AMQP сервером установлена.
2023-08-23 16:18:08.253 INFO     :: Связь с AMQP сервером установлена.
2023-08-23 16:18:15.937 INFO     :: Связь с AMQP сервером установлена.
2023-08-23 17:44:31.793 INFO     :: Связь с AMQP сервером установлена.
2023-08-23 17:44:41.405 INFO     :: Связь с AMQP сервером установлена.
2023-08-23 17:55:02.032 ERROR    :: Unexpected connection close from remote "amqp://crwl:******@rabbitmq:5672/", Connection.Close(reply_code=320, reply_text="CONNECTION_FORCED - broker forced connection closure with reason 'shutdown'")
NoneType: None
2023-08-23 17:55:02.156 INFO     :: Connection to amqp://crwl:******@rabbitmq/ closed. Reconnecting after 5 seconds.
2023-08-24 08:51:27.754 INFO     :: Связь с AMQP сервером установлена.
2023-08-24 09:53:20.125 INFO     :: Связь с AMQP сервером установлена.
2023-08-24 09:53:29.747 INFO     :: Связь с AMQP сервером установлена.
2023-08-24 11:16:56.595 ERROR    :: Unexpected connection close from remote "amqp://crwl:******@rabbitmq:5672/", Connection.Close(reply_code=320, reply_text="CONNECTION_FORCED - broker forced connection closure with reason 'shutdown'")
NoneType: None
2023-08-24 11:16:56.676 INFO     :: Connection to amqp://crwl:******@rabbitmq/ closed. Reconnecting after 5 seconds.
2023-08-24 11:16:56.752 INFO     :: Connection to amqp://crwl:******@rabbitmq/ closed. Reconnecting after 5 seconds.
2023-08-24 11:16:56.786 WARNING  :: Connection attempt to "amqp://crwl:******@rabbitmq/" failed: [Errno 111] Connection refused. Reconnecting after 5 seconds.
2023-08-24 14:48:05.199 INFO     :: Connection to amqp://crwl:******@rabbitmq/ closed. Reconnecting after 5 seconds.
2023-08-24 14:48:05.216 ERROR    :: Ошибка связи с брокером: [Errno 111] Connection refused
2023-08-24 14:48:10.269 INFO     :: Связь с AMQP сервером установлена.
2023-08-24 15:00:08.389 INFO     :: Connection to amqp://crwl:******@rabbitmq/ closed. Reconnecting after 5 seconds.
2023-08-24 15:00:08.430 INFO     :: Connection to amqp://crwl:******@rabbitmq/ closed. Reconnecting after 5 seconds.
2023-08-24 15:00:08.437 WARNING  :: Connection attempt to "amqp://crwl:******@rabbitmq/" failed: [Errno 111] Connection refused. Reconnecting after 5 seconds.
2023-08-24 15:00:13.485 INFO     :: Connection to amqp://crwl:******@rabbitmq/ closed. Reconnecting after 5 seconds.
2023-08-24 15:00:13.495 WARNING  :: Connection attempt to "amqp://crwl:******@rabbitmq/" failed: [Errno -2] Name or service not known. Reconnecting after 5 seconds.
2023-08-24 15:00:18.530 INFO     :: Connection to amqp://crwl:******@rabbitmq/ closed. Reconnecting after 5 seconds.
2023-08-24 15:00:18.550 WARNING  :: Connection attempt to "amqp://crwl:******@rabbitmq/" failed: [Errno 111] Connection refused. Reconnecting after 5 seconds.
2023-08-24 15:02:51.102 ERROR    :: Unexpected connection close from remote "amqp://crwl:******@rabbitmq:5672/", Connection.Close(reply_code=320, reply_text="CONNECTION_FORCED - broker forced connection closure with reason 'shutdown'")
NoneType: None
2023-08-24 15:02:51.281 INFO     :: Connection to amqp://crwl:******@rabbitmq/ closed. Reconnecting after 5 seconds.
2023-08-24 15:49:57.357 INFO     :: Connection to amqp://crwl:******@rabbitmq/ closed. Reconnecting after 5 seconds.
2023-08-24 15:49:57.387 ERROR    :: Ошибка связи с брокером: [Errno 111] Connection refused
2023-08-24 15:50:02.496 INFO     :: Связь с AMQP сервером установлена.
2023-08-24 15:50:17.075 INFO     :: Связь с AMQP сервером установлена.
2023-08-24 15:54:20.426 ERROR    :: Unexpected connection close from remote "amqp://crwl:******@rabbitmq:5672/", Connection.Close(reply_code=320, reply_text="CONNECTION_FORCED - broker forced connection closure with reason 'shutdown'")
NoneType: None
2023-08-24 15:54:20.613 INFO     :: Connection to amqp://crwl:******@rabbitmq/ closed. Reconnecting after 5 seconds.
2023-08-24 21:23:51.221 INFO     :: Connection to amqp://crwl:******@rabbitmq/ closed. Reconnecting after 5 seconds.
2023-08-24 21:23:51.235 ERROR    :: Ошибка связи с брокером: [Errno 111] Connection refused
2023-08-24 21:23:56.343 INFO     :: Связь с AMQP сервером установлена.
2023-08-24 21:24:04.358 INFO     :: Связь с AMQP сервером установлена.
2023-08-24 21:37:40.935 INFO     :: Connection to amqp://crwl:******@rabbitmq/ closed. Reconnecting after 5 seconds.
2023-08-24 21:37:40.947 ERROR    :: Ошибка связи с брокером: [Errno 111] Connection refused
2023-08-24 21:37:46.029 INFO     :: Связь с AMQP сервером установлена.
2023-08-24 21:37:56.068 INFO     :: Связь с AMQP сервером установлена.
2023-08-24 21:40:27.048 INFO     :: Связь с AMQP сервером установлена.
2023-08-24 21:40:34.995 INFO     :: Связь с AMQP сервером установлена.
2023-08-24 21:42:28.885 INFO     :: Связь с AMQP сервером установлена.
2023-08-24 21:42:36.108 INFO     :: Связь с AMQP сервером установлена.
2023-08-24 21:47:06.221 ERROR    :: Unexpected connection close from remote "amqp://crwl:******@rabbitmq:5672/", Connection.Close(reply_code=320, reply_text="CONNECTION_FORCED - broker forced connection closure with reason 'shutdown'")
NoneType: None
2023-08-24 21:47:06.279 INFO     :: Connection to amqp://crwl:******@rabbitmq/ closed. Reconnecting after 5 seconds.
2023-08-24 21:47:06.305 INFO     :: Connection to amqp://crwl:******@rabbitmq/ closed. Reconnecting after 5 seconds.
2023-08-24 21:47:06.309 WARNING  :: Connection attempt to "amqp://crwl:******@rabbitmq/" failed: [Errno 111] Connection refused. Reconnecting after 5 seconds.
2023-08-24 21:47:11.328 INFO     :: Connection to amqp://crwl:******@rabbitmq/ closed. Reconnecting after 5 seconds.
2023-08-24 21:47:11.334 WARNING  :: Connection attempt to "amqp://crwl:******@rabbitmq/" failed: [Errno 111] Connection refused. Reconnecting after 5 seconds.
2023-08-24 21:47:16.353 INFO     :: Connection to amqp://crwl:******@rabbitmq/ closed. Reconnecting after 5 seconds.
2023-08-24 21:47:16.358 WARNING  :: Connection attempt to "amqp://crwl:******@rabbitmq/" failed: [Errno 111] Connection refused. Reconnecting after 5 seconds.
2023-08-24 21:57:51.782 INFO     :: Связь с AMQP сервером установлена.
2023-08-24 21:57:59.938 INFO     :: Связь с AMQP сервером установлена.
2023-08-24 22:03:44.360 ERROR    :: Unexpected connection close from remote "amqp://crwl:******@rabbitmq:5672/", Connection.Close(reply_code=320, reply_text="CONNECTION_FORCED - broker forced connection closure with reason 'shutdown'")
NoneType: None
2023-08-24 22:03:44.533 INFO     :: Connection to amqp://crwl:******@rabbitmq/ closed. Reconnecting after 5 seconds.
2023-08-24 22:03:44.587 INFO     :: Connection to amqp://crwl:******@rabbitmq/ closed. Reconnecting after 5 seconds.
2023-08-24 22:03:44.596 WARNING  :: Connection attempt to "amqp://crwl:******@rabbitmq/" failed: [Errno 111] Connection refused. Reconnecting after 5 seconds.
2023-08-24 22:03:49.621 INFO     :: Connection to amqp://crwl:******@rabbitmq/ closed. Reconnecting after 5 seconds.
2023-08-24 22:03:49.625 WARNING  :: Connection attempt to "amqp://crwl:******@rabbitmq/" failed: [Errno 111] Connection refused. Reconnecting after 5 seconds.
2023-08-24 22:20:33.320 INFO     :: Connection to amqp://crwl:******@rabbitmq/ closed. Reconnecting after 5 seconds.
2023-08-24 22:20:33.331 ERROR    :: Ошибка связи с брокером: [Errno 111] Connection refused
2023-08-24 22:20:38.406 INFO     :: Связь с AMQP сервером установлена.
2023-08-24 22:20:48.305 INFO     :: Связь с AMQP сервером установлена.
2023-08-24 22:37:24.231 ERROR    :: Unexpected connection close from remote "amqp://crwl:******@rabbitmq:5672/", Connection.Close(reply_code=320, reply_text="CONNECTION_FORCED - broker forced connection closure with reason 'shutdown'")
NoneType: None
2023-08-24 22:37:24.392 INFO     :: Connection to amqp://crwl:******@rabbitmq/ closed. Reconnecting after 5 seconds.
2023-08-24 22:37:24.487 INFO     :: Connection to amqp://crwl:******@rabbitmq/ closed. Reconnecting after 5 seconds.
2023-08-24 22:37:24.510 WARNING  :: Connection attempt to "amqp://crwl:******@rabbitmq/" failed: [Errno 111] Connection refused. Reconnecting after 5 seconds.
2023-09-01 14:35:33.779 INFO     :: Connection to amqp://crwl:******@rabbitmq/ closed. Reconnecting after 5 seconds.
2023-09-01 14:35:33.802 ERROR    :: Ошибка связи с брокером: [Errno 111] Connection refused
2023-09-01 14:35:38.898 INFO     :: Связь с AMQP сервером установлена.
2023-09-01 14:35:49.337 INFO     :: Связь с AMQP сервером установлена.
2023-09-01 14:46:36.590 INFO     :: Connection to amqp://crwl:******@rabbitmq/ closed. Reconnecting after 5 seconds.
2023-09-01 14:46:36.603 ERROR    :: Ошибка связи с брокером: [Errno 111] Connection refused
2023-09-01 14:46:41.694 INFO     :: Связь с AMQP сервером установлена.
2023-09-01 14:59:13.360 INFO     :: Связь с AMQP сервером установлена.
2023-09-01 14:59:23.891 INFO     :: Связь с AMQP сервером установлена.
2023-09-01 15:45:25.196 ERROR    :: Unexpected connection close from remote "amqp://crwl:******@rabbitmq:5672/", Connection.Close(reply_code=320, reply_text="CONNECTION_FORCED - broker forced connection closure with reason 'shutdown'")
NoneType: None
2023-09-01 15:45:25.428 INFO     :: Connection to amqp://crwl:******@rabbitmq/ closed. Reconnecting after 5 seconds.
2023-09-01 15:45:25.566 INFO     :: Connection to amqp://crwl:******@rabbitmq/ closed. Reconnecting after 5 seconds.
2023-09-01 15:45:25.609 WARNING  :: Connection attempt to "amqp://crwl:******@rabbitmq/" failed: [Errno 111] Connection refused. Reconnecting after 5 seconds.
2023-09-01 16:07:01.024 INFO     :: Connection to amqp://crwl:******@rabbitmq/ closed. Reconnecting after 5 seconds.
2023-09-01 16:07:01.038 ERROR    :: Ошибка связи с брокером: [Errno 111] Connection refused
2023-09-01 16:07:06.100 INFO     :: Связь с AMQP сервером установлена.
2023-09-01 16:07:16.003 INFO     :: Связь с AMQP сервером установлена.
2023-09-01 16:12:54.494 INFO     :: Связь с AMQP сервером установлена.
2023-09-01 16:13:04.370 INFO     :: Связь с AMQP сервером установлена.
2023-09-01 16:16:07.873 INFO     :: Связь с AMQP сервером установлена.
2023-09-01 16:16:15.485 INFO     :: Связь с AMQP сервером установлена.
2023-09-01 20:44:12.959 INFO     :: Связь с AMQP сервером установлена.
2023-09-01 20:44:23.051 INFO     :: Связь с AMQP сервером установлена.
2023-09-01 20:56:18.273 INFO     :: Связь с AMQP сервером установлена.
2023-09-01 20:56:25.774 INFO     :: Связь с AMQP сервером установлена.
2023-09-01 20:58:14.083 INFO     :: Связь с AMQP сервером установлена.
2023-09-01 20:58:21.446 INFO     :: Связь с AMQP сервером установлена.
2023-09-01 20:59:16.436 INFO     :: Связь с AMQP сервером установлена.
2023-09-01 20:59:23.723 INFO     :: Связь с AMQP сервером установлена.
2023-09-01 21:03:10.609 INFO     :: Связь с AMQP сервером установлена.
2023-09-01 21:03:21.309 INFO     :: Связь с AMQP сервером установлена.
2023-09-01 21:04:23.943 INFO     :: Связь с AMQP сервером установлена.
2023-09-01 21:04:33.717 INFO     :: Связь с AMQP сервером установлена.
2023-09-01 21:06:26.678 INFO     :: Связь с AMQP сервером установлена.
2023-09-01 21:06:37.247 INFO     :: Связь с AMQP сервером установлена.
2023-09-01 21:42:23.016 INFO     :: Связь с AMQP сервером установлена.
2023-09-01 21:42:34.395 INFO     :: Связь с AMQP сервером установлена.
2023-09-01 21:46:44.262 INFO     :: Связь с AMQP сервером установлена.
2023-09-01 21:46:54.923 INFO     :: Связь с AMQP сервером установлена.
2023-09-01 21:58:31.938 INFO     :: Связь с AMQP сервером установлена.
2023-09-01 21:58:42.050 INFO     :: Связь с AMQP сервером установлена.
2023-09-02 00:07:00.243 INFO     :: Связь с AMQP сервером установлена.
2023-09-02 00:07:07.807 INFO     :: Связь с AMQP сервером установлена.
2023-09-02 00:10:03.434 INFO     :: Связь с AMQP сервером установлена.
2023-09-02 00:10:10.865 INFO     :: Связь с AMQP сервером установлена.
2023-09-02 00:16:32.636 INFO     :: Связь с AMQP сервером установлена.
2023-09-02 00:31:59.417 INFO     :: Связь с AMQP сервером установлена.
2023-09-02 10:38:34.739 INFO     :: Связь с AMQP сервером установлена.
2023-09-02 10:38:42.099 INFO     :: Связь с AMQP сервером установлена.
2023-09-02 10:38:49.408 ERROR    :: {'competition_card': {'about': {'constraints': {'required': True, 'data_type': 'array', 'internal_type': 'str', 'max_length': 30, 'group': False}, 'selectors': {'xpath': None}, 'postprocessors': {'geocode': None, 'source_lang': None, 'target_lang': None, 'strip': None, 'prefix': None, 'suffix': None, 'initial_date_format': None, 'new_date_format': None}}, 'request': {'constraints': {'required': True, 'data_type': 'array', 'internal_type': 'str', 'max_length': 30, 'group': False}, 'selectors': {'xpath': None}, 'postprocessors': {'geocode': None, 'source_lang': None, 'target_lang': None, 'strip': None, 'prefix': None, 'suffix': None, 'initial_date_format': None, 'new_date_format': None}}, 'title': {'constraints': {'required': True, 'data_type': 'array', 'internal_type': 'str', 'max_length': 30, 'group': False}, 'selectors': {'xpath': None}, 'postprocessors': {'geocode': None, 'source_lang': None, 'target_lang': None, 'strip': None, 'prefix': None, 'suffix': None, 'initial_date_format': None, 'new_date_format': None}}, 'pagination': {}}, 'competition_item': {'meta': {'constraints': {'required': True, 'data_type': 'str', 'max_length': 500, 'index': False}, 'selectors': {'xpath': None}, 'postprocessors': {'geocode': None, 'source_lang': None, 'target_lang': None, 'strip': None, 'prefix': None, 'suffix': None, 'initial_date_format': None, 'new_date_format': None}}, 'pagination': {}}}
2023-09-02 19:59:44.247 INFO     :: Связь с AMQP сервером установлена.
2023-09-02 19:59:54.491 INFO     :: Связь с AMQP сервером установлена.
2023-09-02 19:59:59.234 ERROR    :: {'competition_card': {'about': {'constraints': {'required': True, 'data_type': 'array', 'internal_type': 'str', 'max_length': 30, 'group': False}, 'selectors': {'xpath': None}, 'postprocessors': {'geocode': None, 'source_lang': None, 'target_lang': None, 'strip': None, 'prefix': None, 'suffix': None, 'initial_date_format': None, 'new_date_format': None}}, 'request': {'constraints': {'required': True, 'data_type': 'array', 'internal_type': 'str', 'max_length': 30, 'group': False}, 'selectors': {'xpath': None}, 'postprocessors': {'geocode': None, 'source_lang': None, 'target_lang': None, 'strip': None, 'prefix': None, 'suffix': None, 'initial_date_format': None, 'new_date_format': None}}, 'title': {'constraints': {'required': True, 'data_type': 'array', 'internal_type': 'str', 'max_length': 30, 'group': False}, 'selectors': {'xpath': None}, 'postprocessors': {'geocode': None, 'source_lang': None, 'target_lang': None, 'strip': None, 'prefix': None, 'suffix': None, 'initial_date_format': None, 'new_date_format': None}}}, 'competition_item': {'meta': {'constraints': {'required': True, 'data_type': 'str', 'max_length': 500, 'index': False}, 'selectors': {'xpath': None}, 'postprocessors': {'geocode': None, 'source_lang': None, 'target_lang': None, 'strip': None, 'prefix': None, 'suffix': None, 'initial_date_format': None, 'new_date_format': None}}}}
2023-09-02 20:00:04.799 ERROR    :: {'competition_card': {'about': {'constraints': {'required': True, 'data_type': 'array', 'internal_type': 'str', 'max_length': 30, 'group': False}, 'selectors': {'xpath': None}, 'postprocessors': {'geocode': None, 'source_lang': None, 'target_lang': None, 'strip': None, 'prefix': None, 'suffix': None, 'initial_date_format': None, 'new_date_format': None}}, 'request': {'constraints': {'required': True, 'data_type': 'array', 'internal_type': 'str', 'max_length': 30, 'group': False}, 'selectors': {'xpath': None}, 'postprocessors': {'geocode': None, 'source_lang': None, 'target_lang': None, 'strip': None, 'prefix': None, 'suffix': None, 'initial_date_format': None, 'new_date_format': None}}, 'title': {'constraints': {'required': True, 'data_type': 'array', 'internal_type': 'str', 'max_length': 30, 'group': False}, 'selectors': {'xpath': None}, 'postprocessors': {'geocode': None, 'source_lang': None, 'target_lang': None, 'strip': None, 'prefix': None, 'suffix': None, 'initial_date_format': None, 'new_date_format': None}}}, 'competition_item': {'meta': {'constraints': {'required': True, 'data_type': 'str', 'max_length': 500, 'index': False}, 'selectors': {'xpath': None}, 'postprocessors': {'geocode': None, 'source_lang': None, 'target_lang': None, 'strip': None, 'prefix': None, 'suffix': None, 'initial_date_format': None, 'new_date_format': None}}}}
2023-09-02 20:56:21.294 INFO     :: Connection to amqp://crwl:******@rabbitmq/ closed. Reconnecting after 5 seconds.
2023-09-02 20:56:21.310 ERROR    :: Ошибка связи с брокером: [Errno 111] Connection refused
2023-09-02 20:56:26.364 INFO     :: Связь с AMQP сервером установлена.
2023-09-02 20:56:36.273 INFO     :: Связь с AMQP сервером установлена.
2023-09-02 21:09:17.791 ERROR    :: {'competition_card': {'about': {'constraints': {'required': True, 'data_type': 'array', 'internal_type': 'str', 'max_length': 30, 'group': False}, 'selectors': {'xpath': None}, 'postprocessors': {'geocode': None, 'source_lang': None, 'target_lang': None, 'strip': None, 'prefix': None, 'suffix': None, 'initial_date_format': None, 'new_date_format': None}}, 'request': {'constraints': {'required': True, 'data_type': 'array', 'internal_type': 'str', 'max_length': 30, 'group': False}, 'selectors': {'xpath': None}, 'postprocessors': {'geocode': None, 'source_lang': None, 'target_lang': None, 'strip': None, 'prefix': None, 'suffix': None, 'initial_date_format': None, 'new_date_format': None}}, 'title': {'constraints': {'required': True, 'data_type': 'array', 'internal_type': 'str', 'max_length': 30, 'group': False}, 'selectors': {'xpath': None}, 'postprocessors': {'geocode': None, 'source_lang': None, 'target_lang': None, 'strip': None, 'prefix': None, 'suffix': None, 'initial_date_format': None, 'new_date_format': None}}}, 'competition_item': {'meta': {'constraints': {'required': True, 'data_type': 'str', 'max_length': 500, 'index': False}, 'selectors': {'xpath': None}, 'postprocessors': {'geocode': None, 'source_lang': None, 'target_lang': None, 'strip': None, 'prefix': None, 'suffix': None, 'initial_date_format': None, 'new_date_format': None}}}}
2023-09-03 11:51:18.119 INFO     :: Connection to amqp://crwl:******@rabbitmq/ closed. Reconnecting after 5 seconds.
2023-09-03 11:51:18.136 ERROR    :: Ошибка связи с брокером: [Errno 111] Connection refused
2023-09-03 11:51:23.236 INFO     :: Связь с AMQP сервером установлена.
2023-09-03 12:13:28.285 ERROR    :: {'competition_card': {'about': {'constraints': {'required': True, 'data_type': 'array', 'internal_type': 'str', 'max_length': 30, 'group': False}, 'selectors': {'xpath': None}, 'postprocessors': {'geocode': None, 'source_lang': None, 'target_lang': None, 'strip': None, 'prefix': None, 'suffix': None, 'initial_date_format': None, 'new_date_format': None}}, 'request': {'constraints': {'required': True, 'data_type': 'array', 'internal_type': 'str', 'max_length': 30, 'group': False}, 'selectors': {'xpath': None}, 'postprocessors': {'geocode': None, 'source_lang': None, 'target_lang': None, 'strip': None, 'prefix': None, 'suffix': None, 'initial_date_format': None, 'new_date_format': None}}, 'title': {'constraints': {'required': True, 'data_type': 'array', 'internal_type': 'str', 'max_length': 30, 'group': False}, 'selectors': {'xpath': None}, 'postprocessors': {'geocode': None, 'source_lang': None, 'target_lang': None, 'strip': None, 'prefix': None, 'suffix': None, 'initial_date_format': None, 'new_date_format': None}}}, 'competition_item': {'meta': {'constraints': {'required': True, 'data_type': 'str', 'max_length': 500, 'index': False}, 'selectors': {'xpath': None}, 'postprocessors': {'geocode': None, 'source_lang': None, 'target_lang': None, 'strip': None, 'prefix': None, 'suffix': None, 'initial_date_format': None, 'new_date_format': None}}}}
2023-09-03 12:17:43.389 INFO     :: Связь с AMQP сервером установлена.
2023-09-03 12:17:51.209 INFO     :: Связь с AMQP сервером установлена.
