2023-08-01 16:43:22.546 INFO     :: Связь с AMQP сервером установлена.
2023-08-01 16:43:31.896 INFO     :: Связь с AMQP сервером установлена.
2023-08-01 16:45:25.829 INFO     :: False
2023-08-01 16:50:24.697 INFO     :: False
2023-08-01 16:51:00.715 INFO     :: False
2023-08-01 16:52:48.735 INFO     :: Связь с AMQP сервером установлена.
2023-08-01 16:52:58.369 INFO     :: Связь с AMQP сервером установлена.
2023-08-01 16:57:07.478 INFO     :: True
2023-08-01 16:58:15.296 INFO     :: Связь с AMQP сервером установлена.
2023-08-01 16:58:24.537 INFO     :: Связь с AMQP сервером установлена.
2023-08-01 16:58:29.211 INFO     :: {'cron': '* * * * *', 'resource': {'resource_name': 'archi competition 2', 'resource_url': 'https://archi.ru/contests', 'template': {'comp_card': {'lang': 'ru', 'summary': {'selectors': {'xpath': '//article[@class="article1"]/div[@class="text1"]/text()'}, 'constraints': {'required': 'true'}, 'postprocessors': {'prefix': '', 'suffix': ''}}, 'request': {'selectors': {'xpath': '//article[@class="article1"]/header/a/@href'}, 'constraints': {'required': 'true'}}, 'title': {'selectors': {'xpath': '//article[@class="article1"]/header/a/text()'}, 'constraints': {'required': 'true'}}, 'next_page': {'pagination_type': '', 'next_page_link': '', 'parameters': {'curr_page_number': ''}}, 'block_type': 'list'}, 'comp_item': {'meta': {'selectors': {'xpath': "(//td[@class='rec_value_2 border_no'])[3]/text()"}, 'constraints': {'required': 'true', 'type': 'list'}, 'postprocessors': {'translate': 'en', 'strip': 'true'}}, 'register_date': {'selectors': {'xpath': "(//td[@class='rec_value_1'])[1]/text()"}, 'constraints': {'required': 'true', 'type': 'list'}, 'postprocessors': {'strip': 'true', 'initial_date_format': '%d.%m.%Y', 'new_date_format': '%Y|%m|%d'}}}}}, 'task_id': 'a7845e99-b917-45b4-9c57-92367a150a55'}
2023-08-01 17:01:19.422 INFO     :: Связь с AMQP сервером установлена.
2023-08-01 17:01:28.812 INFO     :: Связь с AMQP сервером установлена.
2023-08-01 17:11:30.512 INFO     :: Связь с AMQP сервером установлена.
2023-08-01 17:11:39.743 INFO     :: Связь с AMQP сервером установлена.
2023-08-01 17:12:30.642 INFO     :: Связь с AMQP сервером установлена.
2023-08-01 17:12:39.966 INFO     :: Связь с AMQP сервером установлена.
2023-08-01 17:13:55.312 INFO     :: Связь с AMQP сервером установлена.
2023-08-01 17:14:04.633 INFO     :: Связь с AMQP сервером установлена.
2023-08-02 20:02:05.256 INFO     :: Connection to amqp://crwl:******@rabbitmq/ closed. Reconnecting after 5 seconds.
2023-08-02 20:02:05.268 ERROR    :: Ошибка связи с брокером: [Errno 111] Connect call failed ('172.18.0.3', 5672)
2023-08-02 20:02:10.314 INFO     :: Связь с AMQP сервером установлена.
2023-08-02 20:02:19.864 INFO     :: Связь с AMQP сервером установлена.
2023-08-02 20:09:32.832 INFO     :: Связь с AMQP сервером установлена.
2023-08-02 20:09:42.146 INFO     :: Связь с AMQP сервером установлена.
2023-08-02 20:14:43.358 INFO     :: Связь с AMQP сервером установлена.
2023-08-02 20:14:53.835 INFO     :: Связь с AMQP сервером установлена.
2023-08-02 20:25:22.693 INFO     :: Связь с AMQP сервером установлена.
2023-08-02 20:25:33.114 INFO     :: Связь с AMQP сервером установлена.
2023-08-02 20:31:16.290 ERROR    :: Unexpected connection close from remote "amqp://crwl:******@rabbitmq:5672/", Connection.Close(reply_code=320, reply_text="CONNECTION_FORCED - broker forced connection closure with reason 'shutdown'")
NoneType: None
2023-08-02 20:32:06.216 INFO     :: Связь с AMQP сервером установлена.
2023-08-02 20:32:16.483 INFO     :: Связь с AMQP сервером установлена.
2023-08-02 20:32:42.948 INFO     :: {'action': 'create', 'data': {'cron': '* * * * *', 'resource': {'resource_name': 'archi competition 2', 'resource_url': 'https://archi.ru/contests', 'template': {'comp_card': {'lang': 'ru', 'summary': {'selectors': {'xpath': '//article[@class="article1"]/div[@class="text1"]/text()'}, 'constraints': {'required': 'true'}, 'postprocessors': {'prefix': '', 'suffix': ''}}, 'request': {'selectors': {'xpath': '//article[@class="article1"]/header/a/@href'}, 'constraints': {'required': 'true'}}, 'title': {'selectors': {'xpath': '//article[@class="article1"]/header/a/text()'}, 'constraints': {'required': 'true'}}, 'next_page': {'pagination_type': '', 'next_page_link': '', 'parameters': {'curr_page_number': ''}}, 'block_type': 'list'}, 'comp_item': {'meta': {'selectors': {'xpath': "(//td[@class='rec_value_2 border_no'])[3]/text()"}, 'constraints': {'required': 'true', 'type': 'list'}, 'postprocessors': {'translate': 'en', 'strip': 'true'}}, 'register_date': {'selectors': {'xpath': "(//td[@class='rec_value_1'])[1]/text()"}, 'constraints': {'required': 'true', 'type': 'list'}, 'postprocessors': {'strip': 'true', 'initial_date_format': '%d.%m.%Y', 'new_date_format': '%Y|%m|%d'}}}}}}}
2023-08-02 20:35:39.709 INFO     :: Связь с AMQP сервером установлена.
2023-08-02 20:35:49.823 INFO     :: Связь с AMQP сервером установлена.
2023-08-02 20:36:13.056 INFO     :: {'action': 'create', 'data': {'cron': '* * * * *', 'resource': {'resource_name': 'archi competition 2', 'resource_url': 'https://archi.ru/contests', 'template': {'comp_card': {'lang': 'ru', 'summary': {'selectors': {'xpath': '//article[@class="article1"]/div[@class="text1"]/text()'}, 'constraints': {'required': 'true'}, 'postprocessors': {'prefix': '', 'suffix': ''}}, 'request': {'selectors': {'xpath': '//article[@class="article1"]/header/a/@href'}, 'constraints': {'required': 'true'}}, 'title': {'selectors': {'xpath': '//article[@class="article1"]/header/a/text()'}, 'constraints': {'required': 'true'}}, 'next_page': {'pagination_type': '', 'next_page_link': '', 'parameters': {'curr_page_number': ''}}, 'block_type': 'list'}, 'comp_item': {'meta': {'selectors': {'xpath': "(//td[@class='rec_value_2 border_no'])[3]/text()"}, 'constraints': {'required': 'true', 'type': 'list'}, 'postprocessors': {'translate': 'en', 'strip': 'true'}}, 'register_date': {'selectors': {'xpath': "(//td[@class='rec_value_1'])[1]/text()"}, 'constraints': {'required': 'true', 'type': 'list'}, 'postprocessors': {'strip': 'true', 'initial_date_format': '%d.%m.%Y', 'new_date_format': '%Y|%m|%d'}}}}}, 'settings': {'max_items': 10}}}
2023-08-02 21:03:30.136 ERROR    :: Unexpected connection close from remote "amqp://crwl:******@rabbitmq:5672/", Connection.Close(reply_code=320, reply_text="CONNECTION_FORCED - broker forced connection closure with reason 'shutdown'")
NoneType: None
2023-08-02 21:05:05.130 INFO     :: Связь с AMQP сервером установлена.
2023-08-02 21:05:14.562 INFO     :: Связь с AMQP сервером установлена.
2023-08-02 21:36:53.886 ERROR    :: Unexpected connection close from remote "amqp://crwl:******@rabbitmq:5672/", Connection.Close(reply_code=320, reply_text="CONNECTION_FORCED - broker forced connection closure with reason 'shutdown'")
NoneType: None
2023-08-02 21:36:53.914 INFO     :: Connection to amqp://crwl:******@rabbitmq/ closed. Reconnecting after 5 seconds.
2023-08-02 21:37:06.013 INFO     :: Connection to amqp://crwl:******@rabbitmq/ closed. Reconnecting after 5 seconds.
2023-08-02 21:37:06.021 ERROR    :: Ошибка связи с брокером: [Errno -2] Name or service not known
2023-08-02 21:37:11.051 INFO     :: Connection to amqp://crwl:******@rabbitmq/ closed. Reconnecting after 5 seconds.
2023-08-02 21:37:11.055 ERROR    :: Ошибка связи с брокером: [Errno -2] Name or service not known
2023-08-02 21:37:16.083 INFO     :: Connection to amqp://crwl:******@rabbitmq/ closed. Reconnecting after 5 seconds.
2023-08-02 21:37:16.087 ERROR    :: Ошибка связи с брокером: [Errno -2] Name or service not known
2023-08-02 21:37:55.112 INFO     :: Connection to amqp://crwl:******@rabbitmq/ closed. Reconnecting after 5 seconds.
2023-08-02 21:37:55.120 ERROR    :: Ошибка связи с брокером: [Errno 111] Connect call failed ('172.21.0.6', 5672)
2023-08-02 21:38:00.174 INFO     :: Связь с AMQP сервером установлена.
2023-08-02 21:38:28.010 INFO     :: Связь с AMQP сервером установлена.
2023-08-02 21:38:37.948 INFO     :: Связь с AMQP сервером установлена.
2023-08-04 08:28:35.005 INFO     :: Connection to amqp://crwl:******@rabbitmq/ closed. Reconnecting after 5 seconds.
2023-08-04 08:28:35.021 ERROR    :: Ошибка связи с брокером: [Errno 111] Connect call failed ('172.22.0.3', 5672)
2023-08-04 08:28:40.102 INFO     :: Связь с AMQP сервером установлена.
2023-08-04 08:28:49.437 INFO     :: Связь с AMQP сервером установлена.
2023-08-05 13:51:59.088 INFO     :: Connection to amqp://crwl:******@rabbitmq/ closed. Reconnecting after 5 seconds.
2023-08-05 13:51:59.128 ERROR    :: Ошибка связи с брокером: [Errno 111] Connect call failed ('172.22.0.3', 5672)
2023-08-05 13:52:04.149 INFO     :: Connection to amqp://crwl:******@rabbitmq/ closed. Reconnecting after 5 seconds.
2023-08-05 13:52:04.151 ERROR    :: Ошибка связи с брокером: [Errno 111] Connect call failed ('172.22.0.3', 5672)
2023-08-05 13:52:09.190 INFO     :: Связь с AMQP сервером установлена.
2023-08-05 13:53:42.713 INFO     :: {'action': 'create', 'data': {'cron': '* * * * *', 'resource': {'resource_name': 'archi competition 2', 'resource_url': 'https://archi.ru/contests', 'template': {'comp_card': {'lang': 'ru', 'summary': {'selectors': {'xpath': '//article[@class="article1"]/div[@class="text1"]/text()'}, 'constraints': {'required': 'true'}, 'postprocessors': {'prefix': '', 'suffix': ''}}, 'request': {'selectors': {'xpath': '//article[@class="article1"]/header/a/@href'}, 'constraints': {'required': 'true'}}, 'title': {'selectors': {'xpath': '//article[@class="article1"]/header/a/text()'}, 'constraints': {'required': 'true'}}, 'next_page': {'pagination_type': '', 'next_page_link': '', 'parameters': {'curr_page_number': ''}}, 'block_type': 'list'}, 'comp_item': {'meta': {'selectors': {'xpath': "(//td[@class='rec_value_2 border_no'])[3]/text()"}, 'constraints': {'required': 'true', 'type': 'list'}, 'postprocessors': {'translate': 'en', 'strip': 'true'}}, 'register_date': {'selectors': {'xpath': "(//td[@class='rec_value_1'])[1]/text()"}, 'constraints': {'required': 'true', 'type': 'list'}, 'postprocessors': {'strip': 'true', 'initial_date_format': '%d.%m.%Y', 'new_date_format': '%Y|%m|%d'}}}}}, 'settings': {'max_items': 10}}}
2023-08-05 14:08:16.680 ERROR    :: Unexpected connection close from remote "amqp://crwl:******@rabbitmq:5672/", Connection.Close(reply_code=320, reply_text="CONNECTION_FORCED - broker forced connection closure with reason 'shutdown'")
NoneType: None
2023-08-05 14:08:16.719 INFO     :: Connection to amqp://crwl:******@rabbitmq/ closed. Reconnecting after 5 seconds.
2023-08-05 14:09:44.962 INFO     :: Connection to amqp://crwl:******@rabbitmq/ closed. Reconnecting after 5 seconds.
2023-08-05 14:09:44.973 ERROR    :: Ошибка связи с брокером: [Errno 111] Connect call failed ('172.22.0.2', 5672)
2023-08-05 14:09:50.044 INFO     :: Связь с AMQP сервером установлена.
2023-08-05 15:16:18.986 ERROR    :: Unexpected connection close from remote "amqp://crwl:******@rabbitmq:5672/", Connection.Close(reply_code=320, reply_text="CONNECTION_FORCED - broker forced connection closure with reason 'shutdown'")
NoneType: None
2023-08-05 16:06:09.531 INFO     :: Connection to amqp://crwl:******@rabbitmq/ closed. Reconnecting after 5 seconds.
2023-08-05 16:06:09.541 ERROR    :: Ошибка связи с брокером: [Errno 111] Connect call failed ('172.22.0.3', 5672)
2023-08-05 16:06:14.578 INFO     :: Связь с AMQP сервером установлена.
2023-08-05 16:13:44.380 INFO     :: Connection to amqp://crwl:******@rabbitmq/ closed. Reconnecting after 5 seconds.
2023-08-05 16:13:44.392 ERROR    :: Ошибка связи с брокером: [Errno 111] Connect call failed ('172.22.0.3', 5672)
2023-08-05 16:13:49.439 INFO     :: Связь с AMQP сервером установлена.
2023-08-05 16:40:21.820 ERROR    :: Unexpected connection close from remote "amqp://crwl:******@rabbitmq:5672/", Connection.Close(reply_code=320, reply_text="CONNECTION_FORCED - broker forced connection closure with reason 'shutdown'")
NoneType: None
2023-08-05 16:45:12.492 INFO     :: Connection to amqp://crwl:******@rabbitmq/ closed. Reconnecting after 5 seconds.
2023-08-05 16:45:12.519 ERROR    :: Ошибка связи с брокером: [Errno 111] Connect call failed ('172.22.0.2', 5672)
2023-08-05 16:45:17.558 INFO     :: Связь с AMQP сервером установлена.
2023-08-05 16:46:12.312 ERROR    :: Unexpected connection close from remote "amqp://crwl:******@rabbitmq:5672/", Connection.Close(reply_code=320, reply_text="CONNECTION_FORCED - broker forced connection closure with reason 'shutdown'")
NoneType: None
2023-08-05 16:46:12.329 INFO     :: Connection to amqp://crwl:******@rabbitmq/ closed. Reconnecting after 5 seconds.
2023-08-05 16:48:26.865 INFO     :: Connection to amqp://crwl:******@rabbitmq/ closed. Reconnecting after 5 seconds.
2023-08-05 16:48:26.878 ERROR    :: Ошибка связи с брокером: [Errno 111] Connect call failed ('172.22.0.5', 5672)
2023-08-05 16:48:31.913 INFO     :: Связь с AMQP сервером установлена.
2023-08-05 20:03:00.259 INFO     :: Connection to amqp://crwl:******@rabbitmq/ closed. Reconnecting after 5 seconds.
2023-08-05 20:03:00.267 ERROR    :: Ошибка связи с брокером: [Errno -2] Name or service not known
2023-08-05 20:03:05.296 INFO     :: Connection to amqp://crwl:******@rabbitmq/ closed. Reconnecting after 5 seconds.
2023-08-05 20:03:05.300 ERROR    :: Ошибка связи с брокером: [Errno -2] Name or service not known
2023-08-05 20:07:26.939 INFO     :: Connection to amqp://crwl:******@rabbitmq/ closed. Reconnecting after 5 seconds.
2023-08-05 20:07:26.947 ERROR    :: Ошибка связи с брокером: [Errno 111] Connect call failed ('172.22.0.2', 5672)
2023-08-05 20:07:31.988 INFO     :: Связь с AMQP сервером установлена.
2023-08-05 20:20:34.552 INFO     :: Connection to amqp://crwl:******@rabbitmq/ closed. Reconnecting after 5 seconds.
2023-08-05 20:20:34.565 ERROR    :: Ошибка связи с брокером: [Errno 111] Connect call failed ('172.22.0.5', 5672)
2023-08-05 20:20:39.598 INFO     :: Связь с AMQP сервером установлена.
2023-08-06 08:39:33.637 INFO     :: Connection to amqp://crwl:******@rabbitmq/ closed. Reconnecting after 5 seconds.
2023-08-06 08:39:33.646 ERROR    :: Ошибка связи с брокером: [Errno 111] Connect call failed ('172.22.0.3', 5672)
2023-08-06 08:39:38.682 INFO     :: Связь с AMQP сервером установлена.
2023-08-06 08:51:19.585 ERROR    :: Unexpected connection close from remote "amqp://crwl:******@rabbitmq:5672/", Connection.Close(reply_code=320, reply_text="CONNECTION_FORCED - broker forced connection closure with reason 'shutdown'")
NoneType: None
2023-08-06 08:51:19.768 INFO     :: Connection to amqp://crwl:******@rabbitmq/ closed. Reconnecting after 5 seconds.
2023-08-06 08:56:16.031 INFO     :: Connection to amqp://crwl:******@rabbitmq/ closed. Reconnecting after 5 seconds.
2023-08-06 08:56:16.040 ERROR    :: Ошибка связи с брокером: [Errno 111] Connect call failed ('172.22.0.5', 5672)
2023-08-06 08:56:21.077 INFO     :: Связь с AMQP сервером установлена.
2023-08-06 09:01:47.217 INFO     :: Connection to amqp://crwl:******@rabbitmq/ closed. Reconnecting after 5 seconds.
2023-08-06 09:01:47.232 ERROR    :: Ошибка связи с брокером: [Errno 111] Connect call failed ('172.22.0.4', 5672)
2023-08-06 09:01:52.266 INFO     :: Связь с AMQP сервером установлена.
2023-08-06 09:14:33.359 INFO     :: Connection to amqp://crwl:******@rabbitmq/ closed. Reconnecting after 5 seconds.
2023-08-06 09:14:33.373 ERROR    :: Ошибка связи с брокером: [Errno 111] Connect call failed ('172.22.0.3', 5672)
2023-08-06 09:14:38.407 INFO     :: Связь с AMQP сервером установлена.
2023-08-06 09:20:30.249 ERROR    :: Unexpected connection close from remote "amqp://crwl:******@rabbitmq:5672/", Connection.Close(reply_code=320, reply_text="CONNECTION_FORCED - broker forced connection closure with reason 'shutdown'")
NoneType: None
2023-08-06 09:20:30.293 INFO     :: Connection to amqp://crwl:******@rabbitmq/ closed. Reconnecting after 5 seconds.
2023-08-08 15:59:24.278 INFO     :: Connection to amqp://crwl:******@rabbitmq/ closed. Reconnecting after 5 seconds.
2023-08-08 15:59:24.294 ERROR    :: Ошибка связи с брокером: [Errno 111] Connect call failed ('172.22.0.3', 5672)
2023-08-08 15:59:29.336 INFO     :: Связь с AMQP сервером установлена.
2023-08-08 16:03:09.257 ERROR    :: Unexpected connection close from remote "amqp://crwl:******@rabbitmq:5672/", Connection.Close(reply_code=320, reply_text="CONNECTION_FORCED - broker forced connection closure with reason 'shutdown'")
NoneType: None
2023-08-08 16:03:09.648 INFO     :: Connection to amqp://crwl:******@rabbitmq/ closed. Reconnecting after 5 seconds.
2023-08-08 16:03:28.806 INFO     :: Connection to amqp://crwl:******@rabbitmq/ closed. Reconnecting after 5 seconds.
2023-08-08 16:03:28.823 ERROR    :: Ошибка связи с брокером: [Errno 111] Connect call failed ('172.18.0.6', 5672)
2023-08-08 16:03:33.873 INFO     :: Связь с AMQP сервером установлена.
2023-08-08 16:03:43.977 INFO     :: Связь с AMQP сервером установлена.
2023-08-08 16:04:07.867 INFO     :: {'action': 'create', 'data': {'cron': '* * * * *', 'resource': {'resource_name': 'archi competition 2', 'resource_url': 'https://archi.ru/contests', 'template': {'comp_card': {'lang': 'ru', 'summary': {'selectors': {'xpath': '//article[@class="article1"]/div[@class="text1"]/text()'}, 'constraints': {'required': 'true'}, 'postprocessors': {'prefix': '', 'suffix': ''}}, 'request': {'selectors': {'xpath': '//article[@class="article1"]/header/a/@href'}, 'constraints': {'required': 'true'}}, 'title': {'selectors': {'xpath': '//article[@class="article1"]/header/a/text()'}, 'constraints': {'required': 'true'}}, 'next_page': {'pagination_type': '', 'next_page_link': '', 'parameters': {'curr_page_number': ''}}, 'block_type': 'list'}, 'comp_item': {'meta': {'selectors': {'xpath': "(//td[@class='rec_value_2 border_no'])[3]/text()"}, 'constraints': {'required': 'true', 'type': 'list'}, 'postprocessors': {'translate': 'en', 'strip': 'true'}}, 'register_date': {'selectors': {'xpath': "(//td[@class='rec_value_1'])[1]/text()"}, 'constraints': {'required': 'true', 'type': 'list'}, 'postprocessors': {'strip': 'true', 'initial_date_format': '%d.%m.%Y', 'new_date_format': '%Y|%m|%d'}}}}}, 'settings': {'max_items': 10}}}
2023-08-08 16:22:34.859 INFO     :: Connection to amqp://crwl:******@rabbitmq/ closed. Reconnecting after 5 seconds.
2023-08-08 16:22:34.876 ERROR    :: Ошибка связи с брокером: [Errno 111] Connect call failed ('172.18.0.4', 5672)
2023-08-08 16:22:39.918 INFO     :: Связь с AMQP сервером установлена.
2023-08-13 19:24:26.579 INFO     :: Connection to amqp://crwl:******@rabbitmq/ closed. Reconnecting after 5 seconds.
2023-08-13 19:24:26.586 ERROR    :: Ошибка связи с брокером: [Errno -2] Name or service not known
2023-08-13 19:24:31.635 INFO     :: Connection to amqp://crwl:******@rabbitmq/ closed. Reconnecting after 5 seconds.
2023-08-13 19:24:31.641 ERROR    :: Ошибка связи с брокером: [Errno -2] Name or service not known
2023-08-13 19:24:36.684 INFO     :: Connection to amqp://crwl:******@rabbitmq/ closed. Reconnecting after 5 seconds.
2023-08-13 19:24:36.689 ERROR    :: Ошибка связи с брокером: [Errno -2] Name or service not known
2023-08-13 19:24:41.729 INFO     :: Connection to amqp://crwl:******@rabbitmq/ closed. Reconnecting after 5 seconds.
2023-08-13 19:24:41.735 ERROR    :: Ошибка связи с брокером: [Errno -2] Name or service not known
2023-08-13 19:24:46.774 INFO     :: Connection to amqp://crwl:******@rabbitmq/ closed. Reconnecting after 5 seconds.
2023-08-13 19:24:46.779 ERROR    :: Ошибка связи с брокером: [Errno -2] Name or service not known
2023-08-13 19:24:51.823 INFO     :: Connection to amqp://crwl:******@rabbitmq/ closed. Reconnecting after 5 seconds.
2023-08-13 19:24:51.827 ERROR    :: Ошибка связи с брокером: [Errno -2] Name or service not known
2023-08-13 19:24:56.866 INFO     :: Connection to amqp://crwl:******@rabbitmq/ closed. Reconnecting after 5 seconds.
2023-08-13 19:24:56.870 ERROR    :: Ошибка связи с брокером: [Errno -2] Name or service not known
2023-08-13 19:25:01.905 INFO     :: Connection to amqp://crwl:******@rabbitmq/ closed. Reconnecting after 5 seconds.
2023-08-13 19:25:01.911 ERROR    :: Ошибка связи с брокером: [Errno -2] Name or service not known
2023-08-13 19:25:06.947 INFO     :: Connection to amqp://crwl:******@rabbitmq/ closed. Reconnecting after 5 seconds.
2023-08-13 19:25:06.952 ERROR    :: Ошибка связи с брокером: [Errno -2] Name or service not known
2023-08-13 19:25:11.988 INFO     :: Connection to amqp://crwl:******@rabbitmq/ closed. Reconnecting after 5 seconds.
2023-08-13 19:25:11.993 ERROR    :: Ошибка связи с брокером: [Errno -2] Name or service not known
2023-08-13 19:25:17.029 INFO     :: Connection to amqp://crwl:******@rabbitmq/ closed. Reconnecting after 5 seconds.
2023-08-13 19:25:17.033 ERROR    :: Ошибка связи с брокером: [Errno -2] Name or service not known
2023-08-13 19:25:22.064 INFO     :: Connection to amqp://crwl:******@rabbitmq/ closed. Reconnecting after 5 seconds.
2023-08-13 19:25:22.069 ERROR    :: Ошибка связи с брокером: [Errno -2] Name or service not known
2023-08-13 19:25:27.104 INFO     :: Connection to amqp://crwl:******@rabbitmq/ closed. Reconnecting after 5 seconds.
2023-08-13 19:25:27.108 ERROR    :: Ошибка связи с брокером: [Errno -2] Name or service not known
2023-08-13 19:25:32.152 INFO     :: Connection to amqp://crwl:******@rabbitmq/ closed. Reconnecting after 5 seconds.
2023-08-13 19:25:32.157 ERROR    :: Ошибка связи с брокером: [Errno -2] Name or service not known
2023-08-13 19:25:37.188 INFO     :: Connection to amqp://crwl:******@rabbitmq/ closed. Reconnecting after 5 seconds.
2023-08-13 19:25:37.191 ERROR    :: Ошибка связи с брокером: [Errno -2] Name or service not known
2023-08-13 19:25:42.220 INFO     :: Connection to amqp://crwl:******@rabbitmq/ closed. Reconnecting after 5 seconds.
2023-08-13 19:25:42.225 ERROR    :: Ошибка связи с брокером: [Errno -2] Name or service not known
2023-08-13 19:25:47.260 INFO     :: Connection to amqp://crwl:******@rabbitmq/ closed. Reconnecting after 5 seconds.
2023-08-13 19:25:47.264 ERROR    :: Ошибка связи с брокером: [Errno -2] Name or service not known
2023-08-13 19:25:52.306 INFO     :: Connection to amqp://crwl:******@rabbitmq/ closed. Reconnecting after 5 seconds.
2023-08-13 19:25:52.312 ERROR    :: Ошибка связи с брокером: [Errno -2] Name or service not known
2023-08-13 19:25:57.350 INFO     :: Connection to amqp://crwl:******@rabbitmq/ closed. Reconnecting after 5 seconds.
2023-08-13 19:25:57.355 ERROR    :: Ошибка связи с брокером: [Errno -2] Name or service not known
2023-08-13 19:26:02.396 INFO     :: Connection to amqp://crwl:******@rabbitmq/ closed. Reconnecting after 5 seconds.
2023-08-13 19:26:02.402 ERROR    :: Ошибка связи с брокером: [Errno -2] Name or service not known
2023-08-13 19:26:07.446 INFO     :: Connection to amqp://crwl:******@rabbitmq/ closed. Reconnecting after 5 seconds.
2023-08-13 19:26:07.451 ERROR    :: Ошибка связи с брокером: [Errno -2] Name or service not known
2023-08-13 19:26:12.500 INFO     :: Connection to amqp://crwl:******@rabbitmq/ closed. Reconnecting after 5 seconds.
2023-08-13 19:26:12.508 ERROR    :: Ошибка связи с брокером: [Errno -2] Name or service not known
2023-08-13 19:26:17.610 INFO     :: Connection to amqp://crwl:******@rabbitmq/ closed. Reconnecting after 5 seconds.
2023-08-13 19:26:17.612 ERROR    :: Ошибка связи с брокером: [Errno -2] Name or service not known
2023-08-13 19:26:22.657 INFO     :: Connection to amqp://crwl:******@rabbitmq/ closed. Reconnecting after 5 seconds.
2023-08-13 19:26:22.662 ERROR    :: Ошибка связи с брокером: [Errno -2] Name or service not known
2023-08-13 19:26:27.707 INFO     :: Connection to amqp://crwl:******@rabbitmq/ closed. Reconnecting after 5 seconds.
2023-08-13 19:26:27.713 ERROR    :: Ошибка связи с брокером: [Errno -2] Name or service not known
2023-08-13 19:26:32.752 INFO     :: Connection to amqp://crwl:******@rabbitmq/ closed. Reconnecting after 5 seconds.
2023-08-13 19:26:32.759 ERROR    :: Ошибка связи с брокером: [Errno -2] Name or service not known
2023-08-13 19:26:37.805 INFO     :: Connection to amqp://crwl:******@rabbitmq/ closed. Reconnecting after 5 seconds.
2023-08-13 19:26:37.811 ERROR    :: Ошибка связи с брокером: [Errno -2] Name or service not known
2023-08-13 19:26:42.836 INFO     :: Connection to amqp://crwl:******@rabbitmq/ closed. Reconnecting after 5 seconds.
2023-08-13 19:26:42.839 ERROR    :: Ошибка связи с брокером: [Errno -2] Name or service not known
2023-08-13 19:26:47.879 INFO     :: Connection to amqp://crwl:******@rabbitmq/ closed. Reconnecting after 5 seconds.
2023-08-13 19:26:47.884 ERROR    :: Ошибка связи с брокером: [Errno -2] Name or service not known
2023-08-13 19:26:52.918 INFO     :: Connection to amqp://crwl:******@rabbitmq/ closed. Reconnecting after 5 seconds.
2023-08-13 19:26:52.924 ERROR    :: Ошибка связи с брокером: [Errno -2] Name or service not known
2023-08-13 19:26:57.958 INFO     :: Connection to amqp://crwl:******@rabbitmq/ closed. Reconnecting after 5 seconds.
2023-08-13 19:26:57.963 ERROR    :: Ошибка связи с брокером: [Errno -2] Name or service not known
2023-08-13 19:27:02.997 INFO     :: Connection to amqp://crwl:******@rabbitmq/ closed. Reconnecting after 5 seconds.
2023-08-13 19:27:03.002 ERROR    :: Ошибка связи с брокером: [Errno -2] Name or service not known
2023-08-13 19:27:08.042 INFO     :: Connection to amqp://crwl:******@rabbitmq/ closed. Reconnecting after 5 seconds.
2023-08-13 19:27:08.047 ERROR    :: Ошибка связи с брокером: [Errno -2] Name or service not known
2023-08-13 19:27:13.086 INFO     :: Connection to amqp://crwl:******@rabbitmq/ closed. Reconnecting after 5 seconds.
2023-08-13 19:27:13.091 ERROR    :: Ошибка связи с брокером: [Errno -2] Name or service not known
2023-08-13 19:27:18.131 INFO     :: Connection to amqp://crwl:******@rabbitmq/ closed. Reconnecting after 5 seconds.
2023-08-13 19:27:18.135 ERROR    :: Ошибка связи с брокером: [Errno -2] Name or service not known
2023-08-13 19:27:23.177 INFO     :: Connection to amqp://crwl:******@rabbitmq/ closed. Reconnecting after 5 seconds.
2023-08-13 19:27:23.181 ERROR    :: Ошибка связи с брокером: [Errno -2] Name or service not known
2023-08-13 19:27:28.217 INFO     :: Connection to amqp://crwl:******@rabbitmq/ closed. Reconnecting after 5 seconds.
2023-08-13 19:27:28.222 ERROR    :: Ошибка связи с брокером: [Errno -2] Name or service not known
2023-08-13 19:27:33.261 INFO     :: Connection to amqp://crwl:******@rabbitmq/ closed. Reconnecting after 5 seconds.
2023-08-13 19:27:33.266 ERROR    :: Ошибка связи с брокером: [Errno -2] Name or service not known
2023-08-13 19:27:38.308 INFO     :: Connection to amqp://crwl:******@rabbitmq/ closed. Reconnecting after 5 seconds.
2023-08-13 19:27:38.312 ERROR    :: Ошибка связи с брокером: [Errno -2] Name or service not known
2023-08-13 19:27:43.343 INFO     :: Connection to amqp://crwl:******@rabbitmq/ closed. Reconnecting after 5 seconds.
2023-08-13 19:27:43.349 ERROR    :: Ошибка связи с брокером: [Errno -2] Name or service not known
2023-08-13 19:27:48.384 INFO     :: Connection to amqp://crwl:******@rabbitmq/ closed. Reconnecting after 5 seconds.
2023-08-13 19:27:48.389 ERROR    :: Ошибка связи с брокером: [Errno -2] Name or service not known
2023-08-13 19:27:53.432 INFO     :: Connection to amqp://crwl:******@rabbitmq/ closed. Reconnecting after 5 seconds.
2023-08-13 19:27:53.437 ERROR    :: Ошибка связи с брокером: [Errno -2] Name or service not known
2023-08-13 19:27:58.474 INFO     :: Connection to amqp://crwl:******@rabbitmq/ closed. Reconnecting after 5 seconds.
2023-08-13 19:27:58.479 ERROR    :: Ошибка связи с брокером: [Errno -2] Name or service not known
2023-08-13 19:28:03.519 INFO     :: Connection to amqp://crwl:******@rabbitmq/ closed. Reconnecting after 5 seconds.
2023-08-13 19:28:03.523 ERROR    :: Ошибка связи с брокером: [Errno -2] Name or service not known
2023-08-13 19:28:08.564 INFO     :: Connection to amqp://crwl:******@rabbitmq/ closed. Reconnecting after 5 seconds.
2023-08-13 19:28:08.569 ERROR    :: Ошибка связи с брокером: [Errno -2] Name or service not known
2023-08-13 19:28:13.599 INFO     :: Connection to amqp://crwl:******@rabbitmq/ closed. Reconnecting after 5 seconds.
2023-08-13 19:28:13.603 ERROR    :: Ошибка связи с брокером: [Errno -2] Name or service not known
2023-08-13 19:28:18.629 INFO     :: Connection to amqp://crwl:******@rabbitmq/ closed. Reconnecting after 5 seconds.
2023-08-13 19:28:18.633 ERROR    :: Ошибка связи с брокером: [Errno -2] Name or service not known
2023-08-13 19:28:23.679 INFO     :: Connection to amqp://crwl:******@rabbitmq/ closed. Reconnecting after 5 seconds.
2023-08-13 19:28:23.683 ERROR    :: Ошибка связи с брокером: [Errno -2] Name or service not known
2023-08-13 19:28:28.726 INFO     :: Connection to amqp://crwl:******@rabbitmq/ closed. Reconnecting after 5 seconds.
2023-08-13 19:28:28.731 ERROR    :: Ошибка связи с брокером: [Errno -2] Name or service not known
2023-08-13 19:28:33.764 INFO     :: Connection to amqp://crwl:******@rabbitmq/ closed. Reconnecting after 5 seconds.
2023-08-13 19:28:33.768 ERROR    :: Ошибка связи с брокером: [Errno -2] Name or service not known
2023-08-13 19:28:38.810 INFO     :: Connection to amqp://crwl:******@rabbitmq/ closed. Reconnecting after 5 seconds.
2023-08-13 19:28:38.814 ERROR    :: Ошибка связи с брокером: [Errno -2] Name or service not known
2023-08-13 19:28:43.853 INFO     :: Connection to amqp://crwl:******@rabbitmq/ closed. Reconnecting after 5 seconds.
2023-08-13 19:28:43.858 ERROR    :: Ошибка связи с брокером: [Errno -2] Name or service not known
2023-08-13 19:28:48.892 INFO     :: Connection to amqp://crwl:******@rabbitmq/ closed. Reconnecting after 5 seconds.
2023-08-13 19:28:48.896 ERROR    :: Ошибка связи с брокером: [Errno -2] Name or service not known
2023-08-13 19:28:53.933 INFO     :: Connection to amqp://crwl:******@rabbitmq/ closed. Reconnecting after 5 seconds.
2023-08-13 19:28:53.938 ERROR    :: Ошибка связи с брокером: [Errno -2] Name or service not known
2023-08-13 19:28:58.965 INFO     :: Connection to amqp://crwl:******@rabbitmq/ closed. Reconnecting after 5 seconds.
2023-08-13 19:28:58.969 ERROR    :: Ошибка связи с брокером: [Errno -2] Name or service not known
2023-08-13 19:29:04.008 INFO     :: Connection to amqp://crwl:******@rabbitmq/ closed. Reconnecting after 5 seconds.
2023-08-13 19:29:04.013 ERROR    :: Ошибка связи с брокером: [Errno -2] Name or service not known
2023-08-13 19:29:09.056 INFO     :: Connection to amqp://crwl:******@rabbitmq/ closed. Reconnecting after 5 seconds.
2023-08-13 19:29:09.060 ERROR    :: Ошибка связи с брокером: [Errno -2] Name or service not known
2023-08-13 19:29:14.093 INFO     :: Connection to amqp://crwl:******@rabbitmq/ closed. Reconnecting after 5 seconds.
2023-08-13 19:29:14.098 ERROR    :: Ошибка связи с брокером: [Errno -2] Name or service not known
2023-08-13 19:29:19.131 INFO     :: Connection to amqp://crwl:******@rabbitmq/ closed. Reconnecting after 5 seconds.
2023-08-13 19:29:19.136 ERROR    :: Ошибка связи с брокером: [Errno -2] Name or service not known
2023-08-13 19:29:24.155 INFO     :: Connection to amqp://crwl:******@rabbitmq/ closed. Reconnecting after 5 seconds.
2023-08-13 19:29:24.158 ERROR    :: Ошибка связи с брокером: [Errno -2] Name or service not known
2023-08-13 19:29:29.196 INFO     :: Connection to amqp://crwl:******@rabbitmq/ closed. Reconnecting after 5 seconds.
2023-08-13 19:29:29.201 ERROR    :: Ошибка связи с брокером: [Errno -2] Name or service not known
2023-08-13 19:29:34.251 INFO     :: Connection to amqp://crwl:******@rabbitmq/ closed. Reconnecting after 5 seconds.
2023-08-13 19:29:34.257 ERROR    :: Ошибка связи с брокером: [Errno -2] Name or service not known
2023-08-13 19:29:39.292 INFO     :: Connection to amqp://crwl:******@rabbitmq/ closed. Reconnecting after 5 seconds.
2023-08-13 19:29:39.298 ERROR    :: Ошибка связи с брокером: [Errno -2] Name or service not known
2023-08-13 19:29:44.344 INFO     :: Connection to amqp://crwl:******@rabbitmq/ closed. Reconnecting after 5 seconds.
2023-08-13 19:29:44.351 ERROR    :: Ошибка связи с брокером: [Errno -2] Name or service not known
2023-08-13 19:29:49.400 INFO     :: Connection to amqp://crwl:******@rabbitmq/ closed. Reconnecting after 5 seconds.
2023-08-13 19:29:49.405 ERROR    :: Ошибка связи с брокером: [Errno -2] Name or service not known
2023-08-13 19:29:54.446 INFO     :: Connection to amqp://crwl:******@rabbitmq/ closed. Reconnecting after 5 seconds.
2023-08-13 19:29:54.452 ERROR    :: Ошибка связи с брокером: [Errno -2] Name or service not known
2023-08-13 19:29:59.495 INFO     :: Connection to amqp://crwl:******@rabbitmq/ closed. Reconnecting after 5 seconds.
2023-08-13 19:29:59.501 ERROR    :: Ошибка связи с брокером: [Errno -2] Name or service not known
2023-08-13 19:30:04.544 INFO     :: Connection to amqp://crwl:******@rabbitmq/ closed. Reconnecting after 5 seconds.
2023-08-13 19:30:04.551 ERROR    :: Ошибка связи с брокером: [Errno -2] Name or service not known
2023-08-13 19:30:09.598 INFO     :: Connection to amqp://crwl:******@rabbitmq/ closed. Reconnecting after 5 seconds.
2023-08-13 19:30:09.604 ERROR    :: Ошибка связи с брокером: [Errno -2] Name or service not known
2023-08-13 19:30:14.652 INFO     :: Connection to amqp://crwl:******@rabbitmq/ closed. Reconnecting after 5 seconds.
2023-08-13 19:30:14.657 ERROR    :: Ошибка связи с брокером: [Errno -2] Name or service not known
2023-08-13 19:30:19.699 INFO     :: Connection to amqp://crwl:******@rabbitmq/ closed. Reconnecting after 5 seconds.
2023-08-13 19:30:19.704 ERROR    :: Ошибка связи с брокером: [Errno -2] Name or service not known
2023-08-13 19:30:24.738 INFO     :: Connection to amqp://crwl:******@rabbitmq/ closed. Reconnecting after 5 seconds.
2023-08-13 19:30:24.744 ERROR    :: Ошибка связи с брокером: [Errno -2] Name or service not known
2023-08-13 19:30:29.789 INFO     :: Connection to amqp://crwl:******@rabbitmq/ closed. Reconnecting after 5 seconds.
2023-08-13 19:30:29.794 ERROR    :: Ошибка связи с брокером: [Errno -2] Name or service not known
2023-08-13 19:30:34.844 INFO     :: Connection to amqp://crwl:******@rabbitmq/ closed. Reconnecting after 5 seconds.
2023-08-13 19:30:34.849 ERROR    :: Ошибка связи с брокером: [Errno -2] Name or service not known
2023-08-13 19:30:39.893 INFO     :: Connection to amqp://crwl:******@rabbitmq/ closed. Reconnecting after 5 seconds.
2023-08-13 19:30:39.900 ERROR    :: Ошибка связи с брокером: [Errno -2] Name or service not known
2023-08-13 19:30:44.941 INFO     :: Connection to amqp://crwl:******@rabbitmq/ closed. Reconnecting after 5 seconds.
2023-08-13 19:30:44.947 ERROR    :: Ошибка связи с брокером: [Errno -2] Name or service not known
2023-08-13 19:30:49.993 INFO     :: Connection to amqp://crwl:******@rabbitmq/ closed. Reconnecting after 5 seconds.
2023-08-13 19:30:49.999 ERROR    :: Ошибка связи с брокером: [Errno -2] Name or service not known
2023-08-13 19:30:55.049 INFO     :: Connection to amqp://crwl:******@rabbitmq/ closed. Reconnecting after 5 seconds.
2023-08-13 19:30:55.055 ERROR    :: Ошибка связи с брокером: [Errno -2] Name or service not known
2023-08-13 19:31:00.098 INFO     :: Connection to amqp://crwl:******@rabbitmq/ closed. Reconnecting after 5 seconds.
2023-08-13 19:31:00.103 ERROR    :: Ошибка связи с брокером: [Errno -2] Name or service not known
2023-08-13 19:31:05.152 INFO     :: Connection to amqp://crwl:******@rabbitmq/ closed. Reconnecting after 5 seconds.
2023-08-13 19:31:05.157 ERROR    :: Ошибка связи с брокером: [Errno -2] Name or service not known
2023-08-13 19:31:10.206 INFO     :: Connection to amqp://crwl:******@rabbitmq/ closed. Reconnecting after 5 seconds.
2023-08-13 19:31:10.212 ERROR    :: Ошибка связи с брокером: [Errno -2] Name or service not known
2023-08-13 19:31:15.261 INFO     :: Connection to amqp://crwl:******@rabbitmq/ closed. Reconnecting after 5 seconds.
2023-08-13 19:31:15.266 ERROR    :: Ошибка связи с брокером: [Errno -2] Name or service not known
2023-08-13 19:31:20.312 INFO     :: Connection to amqp://crwl:******@rabbitmq/ closed. Reconnecting after 5 seconds.
2023-08-13 19:31:20.317 ERROR    :: Ошибка связи с брокером: [Errno -2] Name or service not known
2023-08-13 19:31:25.363 INFO     :: Connection to amqp://crwl:******@rabbitmq/ closed. Reconnecting after 5 seconds.
2023-08-13 19:31:25.370 ERROR    :: Ошибка связи с брокером: [Errno -2] Name or service not known
2023-08-13 19:31:30.412 INFO     :: Connection to amqp://crwl:******@rabbitmq/ closed. Reconnecting after 5 seconds.
2023-08-13 19:31:30.419 ERROR    :: Ошибка связи с брокером: [Errno -2] Name or service not known
2023-08-13 19:31:35.467 INFO     :: Connection to amqp://crwl:******@rabbitmq/ closed. Reconnecting after 5 seconds.
2023-08-13 19:31:35.472 ERROR    :: Ошибка связи с брокером: [Errno -2] Name or service not known
2023-08-13 19:31:40.520 INFO     :: Connection to amqp://crwl:******@rabbitmq/ closed. Reconnecting after 5 seconds.
2023-08-13 19:31:40.524 ERROR    :: Ошибка связи с брокером: [Errno -2] Name or service not known
2023-08-13 19:31:45.568 INFO     :: Connection to amqp://crwl:******@rabbitmq/ closed. Reconnecting after 5 seconds.
2023-08-13 19:31:45.573 ERROR    :: Ошибка связи с брокером: [Errno -2] Name or service not known
2023-08-13 19:31:50.618 INFO     :: Connection to amqp://crwl:******@rabbitmq/ closed. Reconnecting after 5 seconds.
2023-08-13 19:31:50.625 ERROR    :: Ошибка связи с брокером: [Errno -2] Name or service not known
2023-08-13 19:31:55.666 INFO     :: Connection to amqp://crwl:******@rabbitmq/ closed. Reconnecting after 5 seconds.
2023-08-13 19:31:55.670 ERROR    :: Ошибка связи с брокером: [Errno -2] Name or service not known
2023-08-13 19:32:00.717 INFO     :: Connection to amqp://crwl:******@rabbitmq/ closed. Reconnecting after 5 seconds.
2023-08-13 19:32:00.722 ERROR    :: Ошибка связи с брокером: [Errno -2] Name or service not known
2023-08-13 19:32:05.768 INFO     :: Connection to amqp://crwl:******@rabbitmq/ closed. Reconnecting after 5 seconds.
2023-08-13 19:32:05.773 ERROR    :: Ошибка связи с брокером: [Errno -2] Name or service not known
2023-08-23 17:45:16.966 INFO     :: Связь с AMQP сервером установлена.
2023-08-23 17:45:25.843 INFO     :: Связь с AMQP сервером установлена.
2023-08-23 17:55:01.904 ERROR    :: Unexpected connection close from remote "amqp://crwl:******@rabbitmq:5672/", Connection.Close(reply_code=320, reply_text="CONNECTION_FORCED - broker forced connection closure with reason 'shutdown'")
NoneType: None
2023-08-23 17:55:02.222 INFO     :: Connection to amqp://crwl:******@rabbitmq/ closed. Reconnecting after 5 seconds.
2023-08-24 08:51:27.415 INFO     :: Connection to amqp://crwl:******@rabbitmq/ closed. Reconnecting after 5 seconds.
2023-08-24 08:51:27.436 ERROR    :: Ошибка связи с брокером: [Errno 111] Connection refused
2023-08-24 08:53:24.858 INFO     :: Связь с AMQP сервером установлена.
2023-08-24 09:04:37.018 INFO     :: Связь с AMQP сервером установлена.
2023-08-24 09:04:44.367 INFO     :: Связь с AMQP сервером установлена.
2023-08-24 09:20:47.183 INFO     :: cron='* * * * *' resource_url='https://archi.ru/contests' language='ru' schema_uuid=UUID('60f33114-d63d-4dc4-ba5f-f71a78cdd384') settings=SpiderSettings(max_items=10)
2023-08-24 09:23:07.504 INFO     :: Связь с AMQP сервером установлена.
2023-08-24 09:23:16.348 INFO     :: Связь с AMQP сервером установлена.
2023-08-24 09:51:07.270 INFO     :: cron='* * * * *' resource_url='https://archi.ru/contests' language='ru' schema_uuid=UUID('60f33114-d63d-4dc4-ba5f-f71a78cdd384') settings=SpiderSettings(max_items=10)
2023-08-24 09:53:19.827 INFO     :: Связь с AMQP сервером установлена.
2023-08-24 09:53:29.956 INFO     :: Связь с AMQP сервером установлена.
2023-08-24 09:54:50.432 INFO     :: cron='* * * * *' resource_url='https://archi.ru/contests' language='ru' schema_uuid='60f33114-d63d-4dc4-ba5f-f71a78cdd384' settings=SpiderSettings(max_items=10)
2023-08-24 09:55:30.379 INFO     :: Связь с AMQP сервером установлена.
2023-08-24 09:55:37.807 INFO     :: Связь с AMQP сервером установлена.
2023-08-24 09:55:56.623 INFO     :: cron='* * * * *' resource_url='https://archi.ru/contests' language='ru' schema_uuid='60f33114-d63d-4dc4-ba5f-f71a78cdd384' settings=SpiderSettings(max_items=10)
2023-08-24 10:31:53.353 INFO     :: Связь с AMQP сервером установлена.
2023-08-24 10:32:00.572 INFO     :: Связь с AMQP сервером установлена.
2023-08-24 10:40:28.991 INFO     :: cron='* * * * *' resource_url='https://archi.ru/contests' language='ru' schema_uuid='60f33114-d63d-4dc4-ba5f-f71a78cdd384' settings=SpiderSettings(max_items=10)
2023-08-24 10:41:12.493 INFO     :: Связь с AMQP сервером установлена.
2023-08-24 10:41:19.754 INFO     :: Связь с AMQP сервером установлена.
2023-08-24 10:50:45.671 INFO     :: cron='* * * * *' resource_url='https://archi.ru/contests' language='ru' schema_uuid='60f33114-d63d-4dc4-ba5f-f71a78cdd384' settings=SpiderSettings(max_items=10)
2023-08-24 10:54:39.610 INFO     :: Связь с AMQP сервером установлена.
2023-08-24 10:57:37.692 INFO     :: Связь с AMQP сервером установлена.
2023-08-24 10:57:46.105 INFO     :: Связь с AMQP сервером установлена.
2023-08-24 11:15:12.308 INFO     :: cron='* * * * *' resource_url='https://archi.ru/contests' language='ru' schema_uuid='60f33114-d63d-4dc4-ba5f-f71a78cdd384' settings=SpiderSettings(max_items=10)
2023-08-24 11:16:56.594 ERROR    :: Unexpected connection close from remote "amqp://crwl:******@rabbitmq:5672/", Connection.Close(reply_code=320, reply_text="CONNECTION_FORCED - broker forced connection closure with reason 'shutdown'")
NoneType: None
2023-08-24 11:16:56.788 INFO     :: Connection to amqp://crwl:******@rabbitmq/ closed. Reconnecting after 5 seconds.
2023-08-24 11:16:56.851 INFO     :: Connection to amqp://crwl:******@rabbitmq/ closed. Reconnecting after 5 seconds.
2023-08-24 11:16:56.893 WARNING  :: Connection attempt to "amqp://crwl:******@rabbitmq/" failed: [Errno 111] Connection refused. Reconnecting after 5 seconds.
2023-08-24 14:48:05.066 INFO     :: Connection to amqp://crwl:******@rabbitmq/ closed. Reconnecting after 5 seconds.
2023-08-24 14:48:05.078 ERROR    :: Ошибка связи с брокером: [Errno 111] Connection refused
2023-08-24 14:48:10.144 INFO     :: Связь с AMQP сервером установлена.
2023-08-24 14:48:50.789 INFO     :: cron='* * * * *' resource_url='https://archi.ru/contests' language='ru' schema_uuid='60f33114-d63d-4dc4-ba5f-f71a78cdd384' settings=SpiderSettings(max_items=10)
2023-08-24 14:51:05.524 INFO     :: cron='* * * * *' resource_url='https://archi.ru/contests' language='ru' schema_uuid='60f33114-d63d-4dc4-ba5f-f71a78cdd384' settings=SpiderSettings(max_items=10)
2023-08-24 14:52:43.543 INFO     :: Связь с AMQP сервером установлена.
2023-08-24 14:54:43.667 INFO     :: Связь с AMQP сервером установлена.
2023-08-24 15:00:19.466 INFO     :: Connection to amqp://crwl:******@rabbitmq/ closed. Reconnecting after 5 seconds.
2023-08-24 15:00:19.479 ERROR    :: Ошибка связи с брокером: [Errno 111] Connection refused
2023-08-24 15:00:24.592 INFO     :: Связь с AMQP сервером установлена.
2023-08-24 15:00:32.157 INFO     :: Связь с AMQP сервером установлена.
2023-08-24 15:02:08.716 INFO     :: cron='* * * * *' resource_url='https://archi.ru/contests' language='ru' schema_uuid='60f33114-d63d-4dc4-ba5f-f71a78cdd384' settings=SpiderSettings(max_items=10)
2023-08-24 15:49:57.834 INFO     :: Связь с AMQP сервером установлена.
2023-08-24 15:50:10.451 INFO     :: Связь с AMQP сервером установлена.
2023-08-24 15:54:20.530 INFO     :: Connection to amqp://crwl:******@rabbitmq/ closed. Reconnecting after 5 seconds.
2023-08-24 15:54:20.628 INFO     :: Connection to amqp://crwl:******@rabbitmq/ closed. Reconnecting after 5 seconds.
2023-08-24 15:54:20.645 WARNING  :: Connection attempt to "amqp://crwl:******@rabbitmq/" failed: [Errno 111] Connection refused. Reconnecting after 5 seconds.
2023-08-24 21:24:37.632 INFO     :: Связь с AMQP сервером установлена.
2023-08-24 21:24:46.280 INFO     :: Связь с AMQP сервером установлена.
2023-08-24 21:25:52.181 INFO     :: cron='* * * * *' resource_url='https://archi.ru/contests' language='ru' schema_uuid='60f33114-d63d-4dc4-ba5f-f71a78cdd384' settings=SpiderSettings(max_items=10)
2023-08-24 21:31:33.178 INFO     :: cron='* * * * *' resource_url='https://archi.ru/contests' language='ru' schema_uuid='7a260e0b-c76b-4d2a-a9cd-5ffea15ee1e0' settings=SpiderSettings(max_items=10)
2023-08-24 21:32:38.311 INFO     :: cron='* * * * *' resource_url='https://archi.ru/contests' language='ru' schema_uuid='7a260e0b-c76b-4d2a-a9cd-5ffea15ee1e0' settings=SpiderSettings(max_items=10)
2023-08-24 21:33:47.318 INFO     :: cron='* * * * *' resource_url='https://archi.ru/contests' language='ru' schema_uuid='7a260e0b-c76b-4d2a-a9cd-5ffea15ee1e0' settings=SpiderSettings(max_items=10)
2023-08-24 21:36:17.091 INFO     :: Связь с AMQP сервером установлена.
2023-08-24 21:37:39.569 INFO     :: Connection to amqp://crwl:******@rabbitmq/ closed. Reconnecting after 5 seconds.
2023-08-24 21:37:39.591 ERROR    :: Ошибка связи с брокером: [Errno 111] Connection refused
2023-08-24 21:37:44.682 INFO     :: Связь с AMQP сервером установлена.
2023-08-24 21:37:54.752 INFO     :: Связь с AMQP сервером установлена.
2023-08-24 21:47:06.225 ERROR    :: Unexpected connection close from remote "amqp://crwl:******@rabbitmq:5672/", Connection.Close(reply_code=320, reply_text="CONNECTION_FORCED - broker forced connection closure with reason 'shutdown'")
NoneType: None
2023-08-24 21:47:06.281 INFO     :: Connection to amqp://crwl:******@rabbitmq/ closed. Reconnecting after 5 seconds.
2023-08-24 21:47:06.303 INFO     :: Connection to amqp://crwl:******@rabbitmq/ closed. Reconnecting after 5 seconds.
2023-08-24 21:47:06.309 WARNING  :: Connection attempt to "amqp://crwl:******@rabbitmq/" failed: [Errno 111] Connection refused. Reconnecting after 5 seconds.
2023-08-24 21:47:11.328 INFO     :: Connection to amqp://crwl:******@rabbitmq/ closed. Reconnecting after 5 seconds.
2023-08-24 21:47:11.334 WARNING  :: Connection attempt to "amqp://crwl:******@rabbitmq/" failed: [Errno 111] Connection refused. Reconnecting after 5 seconds.
2023-08-24 21:47:16.352 INFO     :: Connection to amqp://crwl:******@rabbitmq/ closed. Reconnecting after 5 seconds.
2023-08-24 21:47:16.356 WARNING  :: Connection attempt to "amqp://crwl:******@rabbitmq/" failed: [Errno 111] Connection refused. Reconnecting after 5 seconds.
2023-08-24 21:58:40.888 INFO     :: cron='* * * * *' resource_url='https://archi.ru/contests' language='ru' schema_uuid='6d3754bf-378b-48b8-9ca5-25a5ee08b396' settings=SpiderSettings(max_items=10)
2023-08-24 22:03:44.352 ERROR    :: Unexpected connection close from remote "amqp://crwl:******@rabbitmq:5672/", Connection.Close(reply_code=320, reply_text="CONNECTION_FORCED - broker forced connection closure with reason 'shutdown'")
NoneType: None
2023-08-24 22:03:44.515 INFO     :: Connection to amqp://crwl:******@rabbitmq/ closed. Reconnecting after 5 seconds.
2023-08-24 22:20:32.917 INFO     :: Connection to amqp://crwl:******@rabbitmq/ closed. Reconnecting after 5 seconds.
2023-08-24 22:20:32.938 ERROR    :: Ошибка связи с брокером: [Errno 111] Connection refused
2023-08-24 22:20:37.994 INFO     :: Связь с AMQP сервером установлена.
2023-08-24 22:20:48.275 INFO     :: Связь с AMQP сервером установлена.
2023-08-24 22:27:55.585 INFO     :: Связь с AMQP сервером установлена.
2023-08-24 22:28:02.884 INFO     :: Связь с AMQP сервером установлена.
2023-08-24 22:31:15.918 INFO     :: Связь с AMQP сервером установлена.
2023-08-24 22:31:23.518 INFO     :: Связь с AMQP сервером установлена.
2023-08-24 22:31:33.858 INFO     :: cron='* * * * *' resource_url='https://archi.ru/contests' language='ru' schema_uuid='6d3754bf-378b-48b8-9ca5-25a5ee08b396' settings=SpiderSettings(max_items=10)
2023-08-24 22:37:24.173 ERROR    :: Unexpected connection close from remote "amqp://crwl:******@rabbitmq:5672/", Connection.Close(reply_code=320, reply_text="CONNECTION_FORCED - broker forced connection closure with reason 'shutdown'")
NoneType: None
2023-08-24 22:37:24.322 INFO     :: Connection to amqp://crwl:******@rabbitmq/ closed. Reconnecting after 5 seconds.
2023-09-01 14:35:34.318 INFO     :: Connection to amqp://crwl:******@rabbitmq/ closed. Reconnecting after 5 seconds.
2023-09-01 14:35:34.329 ERROR    :: Ошибка связи с брокером: [Errno 111] Connection refused
2023-09-01 14:35:39.396 INFO     :: Связь с AMQP сервером установлена.
2023-09-01 14:35:50.552 INFO     :: Связь с AMQP сервером установлена.
2023-09-01 14:46:36.946 INFO     :: Connection to amqp://crwl:******@rabbitmq/ closed. Reconnecting after 5 seconds.
2023-09-01 14:46:36.958 ERROR    :: Ошибка связи с брокером: [Errno 111] Connection refused
2023-09-01 14:46:42.024 INFO     :: Связь с AMQP сервером установлена.
2023-09-01 14:59:13.591 INFO     :: Связь с AMQP сервером установлена.
2023-09-01 14:59:24.462 INFO     :: Связь с AMQP сервером установлена.
2023-09-01 15:05:48.691 INFO     :: cron='* * * * *' resource_url='https://archi.ru/contests' language='ru' schema_uuid='78897c66-d6a6-4c39-9623-060b3ed66ac0' settings=SpiderSettings(max_items=10)
2023-09-01 15:22:28.395 INFO     :: Связь с AMQP сервером установлена.
2023-09-01 15:22:36.269 INFO     :: Связь с AMQP сервером установлена.
2023-09-01 15:24:03.814 INFO     :: cron='* * * * *' resource_url='https://archi.ru/contests' language='ru' schema_uuid='78897c66-d6a6-4c39-9623-060b3ed66ac0' settings=SpiderSettings(max_items=10)
2023-09-01 15:45:25.209 ERROR    :: Unexpected connection close from remote "amqp://crwl:******@rabbitmq:5672/", Connection.Close(reply_code=320, reply_text="CONNECTION_FORCED - broker forced connection closure with reason 'shutdown'")
NoneType: None
2023-09-01 15:45:25.413 INFO     :: Connection to amqp://crwl:******@rabbitmq/ closed. Reconnecting after 5 seconds.
2023-09-01 16:07:00.657 INFO     :: Connection to amqp://crwl:******@rabbitmq/ closed. Reconnecting after 5 seconds.
2023-09-01 16:07:00.675 ERROR    :: Ошибка связи с брокером: [Errno 111] Connection refused
2023-09-01 16:07:05.771 INFO     :: Связь с AMQP сервером установлена.
2023-09-01 16:07:16.199 INFO     :: Связь с AMQP сервером установлена.
2023-09-01 16:12:54.273 INFO     :: Связь с AMQP сервером установлена.
2023-09-01 16:13:04.691 INFO     :: Связь с AMQP сервером установлена.
2023-09-01 20:44:12.969 INFO     :: Связь с AMQP сервером установлена.
2023-09-01 20:44:23.498 INFO     :: Связь с AMQP сервером установлена.
2023-09-01 21:03:10.778 INFO     :: Связь с AMQP сервером установлена.
2023-09-01 21:03:21.920 INFO     :: Связь с AMQP сервером установлена.
2023-09-01 21:04:24.266 INFO     :: Связь с AMQP сервером установлена.
2023-09-01 21:04:34.631 INFO     :: Связь с AMQP сервером установлена.
2023-09-01 21:06:26.509 INFO     :: Связь с AMQP сервером установлена.
2023-09-01 21:06:37.484 INFO     :: Связь с AMQP сервером установлена.
2023-09-01 21:42:23.258 INFO     :: Связь с AMQP сервером установлена.
2023-09-01 21:42:35.149 INFO     :: Связь с AMQP сервером установлена.
2023-09-01 21:46:44.706 INFO     :: Связь с AMQP сервером установлена.
2023-09-01 21:46:55.913 INFO     :: Связь с AMQP сервером установлена.
2023-09-01 21:58:32.240 INFO     :: Связь с AMQP сервером установлена.
2023-09-01 21:58:42.815 INFO     :: Связь с AMQP сервером установлена.
2023-09-02 00:06:15.808 INFO     :: Связь с AMQP сервером установлена.
2023-09-02 00:06:26.575 INFO     :: Связь с AMQP сервером установлена.
2023-09-02 00:16:32.937 INFO     :: Связь с AMQP сервером установлена.
2023-09-02 00:32:00.027 INFO     :: Связь с AMQP сервером установлена.
2023-09-02 19:59:44.512 INFO     :: Связь с AMQP сервером установлена.
2023-09-02 19:59:55.695 INFO     :: Связь с AMQP сервером установлена.
2023-09-02 20:03:01.929 INFO     :: cron='* * * * *' resource_url='https://archi.ru/contests' language='ru' schema_uuid='a3dc169f-84b2-49a5-9a1b-26f2d1de5f72' settings=SpiderSettings(max_items=10)
2023-09-02 20:03:14.668 INFO     :: {'action': 'spider.start', 'data': {'cron': '* * * * *', 'resource_url': 'https://archi.ru/contests', 'language': 'ru', 'schema_uuid': 'a3dc169f-84b2-49a5-9a1b-26f2d1de5f72', 'settings': {'max_items': 10}, 'item_collection_uuid': 'a3dc169f-84b2-49a5-9a1b-26f2d1de5f72', 'schema': {'competition_card': {'about': {'constraints': {'required': True, 'data_type': 'array', 'internal_type': 'str', 'max_length': 30, 'group': False}, 'selectors': {'xpath': '//article[@class="article1"]/div[@class="text1"]/text()'}, 'postprocessors': {'geocode': None, 'source_lang': None, 'target_lang': None, 'strip': True, 'prefix': None, 'suffix': None, 'initial_date_format': None, 'new_date_format': None}}, 'request': {'constraints': {'required': True, 'data_type': 'array', 'internal_type': 'str', 'max_length': 30, 'group': False}, 'selectors': {'xpath': '//article[@class="article1"]/header/a/@href'}, 'postprocessors': {'geocode': None, 'source_lang': None, 'target_lang': None, 'strip': None, 'prefix': None, 'suffix': None, 'initial_date_format': None, 'new_date_format': None}}, 'title': {'constraints': {'required': True, 'data_type': 'array', 'internal_type': 'str', 'max_length': 30, 'group': False}, 'selectors': {'xpath': '//article[@class="article1"]/header/a/text()'}, 'postprocessors': {'geocode': None, 'source_lang': None, 'target_lang': None, 'strip': True, 'prefix': None, 'suffix': None, 'initial_date_format': None, 'new_date_format': None}}, 'pagination': {}}, 'competition_item': {'meta': {'constraints': {'required': True, 'data_type': 'str', 'max_length': 500, 'index': False}, 'selectors': {'xpath': "(//td[@class='rec_value_2 border_no'])[3]/text()"}, 'postprocessors': {'geocode': None, 'source_lang': None, 'target_lang': None, 'strip': True, 'prefix': None, 'suffix': None, 'initial_date_format': None, 'new_date_format': None}}}}, 'task_uuid': 'edf60edb-627d-4c17-ac37-9edce9b2a17e'}}
2023-09-02 20:56:21.599 INFO     :: Connection to amqp://crwl:******@rabbitmq/ closed. Reconnecting after 5 seconds.
2023-09-02 20:56:21.620 ERROR    :: Ошибка связи с брокером: [Errno 111] Connection refused
2023-09-02 20:56:26.690 INFO     :: Связь с AMQP сервером установлена.
2023-09-02 20:56:37.473 INFO     :: Связь с AMQP сервером установлена.
2023-09-02 21:10:59.831 INFO     :: cron='* * * * *' resource_url='https://archi.ru/contests' language='ru' schema_uuid='0e0a282b-c8f1-42de-a10e-ad69673a3aae' settings=SpiderSettings(max_items=10)
2023-09-03 11:51:18.829 INFO     :: Connection to amqp://crwl:******@rabbitmq/ closed. Reconnecting after 5 seconds.
2023-09-03 11:51:18.845 ERROR    :: Ошибка связи с брокером: [Errno 111] Connection refused
2023-09-03 11:51:23.898 INFO     :: Связь с AMQP сервером установлена.
2023-09-03 12:12:18.988 INFO     :: {'action': 'spider.start', 'data': {'cron': '* * * * *', 'resource_url': 'https://archi.ru/contests', 'language': 'ru', 'schema_uuid': '0e0a282b-c8f1-42de-a10e-ad69673a3aae', 'settings': {'max_items': 10}, 'item_collection_uuid': '0e0a282b-c8f1-42de-a10e-ad69673a3aae', 'schema': {'competition_card': {'about': {'constraints': {'required': True, 'data_type': 'array', 'internal_type': 'str', 'max_length': 30, 'group': False}, 'selectors': {'xpath': '//article[@class="article1"]/div[@class="text1"]/text()'}, 'postprocessors': {'geocode': None, 'source_lang': None, 'target_lang': None, 'strip': True, 'prefix': None, 'suffix': None, 'initial_date_format': None, 'new_date_format': None}}, 'request': {'constraints': {'required': True, 'data_type': 'array', 'internal_type': 'str', 'max_length': 30, 'group': False}, 'selectors': {'xpath': '//article[@class="article1"]/header/a/@href'}, 'postprocessors': {'geocode': None, 'source_lang': None, 'target_lang': None, 'strip': None, 'prefix': None, 'suffix': None, 'initial_date_format': None, 'new_date_format': None}}, 'title': {'constraints': {'required': True, 'data_type': 'array', 'internal_type': 'str', 'max_length': 30, 'group': False}, 'selectors': {'xpath': '//article[@class="article1"]/header/a/text()'}, 'postprocessors': {'geocode': None, 'source_lang': None, 'target_lang': None, 'strip': True, 'prefix': None, 'suffix': None, 'initial_date_format': None, 'new_date_format': None}}, 'pagination': {}}, 'competition_item': {'meta': {'constraints': {'required': True, 'data_type': 'str', 'max_length': 500, 'index': False}, 'selectors': {'xpath': "(//td[@class='rec_value_2 border_no'])[3]/text()"}, 'postprocessors': {'geocode': None, 'source_lang': None, 'target_lang': None, 'strip': True, 'prefix': None, 'suffix': None, 'initial_date_format': None, 'new_date_format': None}}}}, 'task_uuid': 'dd1dc4c2-2822-4256-ab83-2d6f80277339'}}
