2023-08-22 10:30:04.525 INFO     :: Связь с AMQP сервером установлена.
2023-08-22 10:30:11.652 INFO     :: Связь с AMQP сервером установлена.
2023-08-22 10:42:46.350 INFO     :: Связь с AMQP сервером установлена.
2023-08-22 10:42:53.451 INFO     :: Связь с AMQP сервером установлена.
2023-08-22 10:42:58.711 ERROR    :: Exception in callback _task_done(<Task finishe...type 'dict'")>) at /usr/src/schema_storage_app/.venv/lib/python3.10/site-packages/aio_pika/tools.py:43
handle: <Handle _task_done(<Task finishe...type 'dict'")>) at /usr/src/schema_storage_app/.venv/lib/python3.10/site-packages/aio_pika/tools.py:43>
Traceback (most recent call last):

  File "/usr/local/lib/python3.10/asyncio/base_events.py", line 633, in run_until_complete
    self.run_forever()
    │    └ <function BaseEventLoop.run_forever at 0x4002b3c9d0>
    └ <_UnixSelectorEventLoop running=True closed=False debug=False>
  File "/usr/local/lib/python3.10/asyncio/base_events.py", line 600, in run_forever
    self._run_once()
    │    └ <function BaseEventLoop._run_once at 0x4002b3e4d0>
    └ <_UnixSelectorEventLoop running=True closed=False debug=False>
  File "/usr/local/lib/python3.10/asyncio/base_events.py", line 1896, in _run_once
    handle._run()
    │      └ <function Handle._run at 0x4002a95f30>
    └ <Handle _task_done(<Task finishe...type 'dict'")>) at /usr/src/schema_storage_app/.venv/lib/python3.10/site-packages/aio_pika...
> File "/usr/local/lib/python3.10/asyncio/events.py", line 80, in _run
    self._context.run(self._callback, *self._args)
    │    │            │    │           │    └ <member '_args' of 'Handle' objects>
    │    │            │    │           └ <Handle _task_done(<Task finishe...type 'dict'")>) at /usr/src/schema_storage_app/.venv/lib/python3.10/site-packages/aio_pika...
    │    │            │    └ <member '_callback' of 'Handle' objects>
    │    │            └ <Handle _task_done(<Task finishe...type 'dict'")>) at /usr/src/schema_storage_app/.venv/lib/python3.10/site-packages/aio_pika...
    │    └ <member '_context' of 'Handle' objects>
    └ <Handle _task_done(<Task finishe...type 'dict'")>) at /usr/src/schema_storage_app/.venv/lib/python3.10/site-packages/aio_pika...
  File "/usr/src/schema_storage_app/.venv/lib/python3.10/site-packages/aio_pika/tools.py", line 47, in _task_done
    raise exc
          └ ProgrammingError("can't adapt type 'dict'")

  File "/usr/src/schema_storage_app/src/schema_storage/app/schema_storage_app_svc.py", line 76, in _process_message
    res = await self._create(mes)
                │    │       └ {'action': 'create', 'data': {'schema': {'comp_card': {'summary': {'constraints': {'required': True, 'data_type': 'str', 'max...
                │    └ <function SchemaStorageApp._create at 0x40044a40d0>
                └ <schema_storage_app_svc.SchemaStorageApp object at 0x40028316f0>

  File "/usr/src/schema_storage_app/src/schema_storage/app/schema_storage_app_svc.py", line 118, in _create
    schema_uuid = schema_manager.save(schema=schema)
                  │              │           └ {'schema': {'comp_card': {'summary': {'constraints': {'required': True, 'data_type': 'str', 'max_length': 500}, 'selectors': ...
                  │              └ <function SchemaManager.save at 0x40043dbbe0>
                  └ <src.schema_storage.app.schema_manager.SchemaManager object at 0x40044efa00>

  File "/usr/src/schema_storage_app/./src/schema_storage/app/schema_manager.py", line 24, in save
    cursor.execute(sql, {'schema': schema})
    │      │       │               └ {'schema': {'comp_card': {'summary': {'constraints': {'required': True, 'data_type': 'str', 'max_length': 500}, 'selectors': ...
    │      │       └ '\n                INSERT INTO schemas (schema) VALUES (%(schema)s) RETURNING id\n            '
    │      └ <method 'execute' of 'psycopg2.extensions.cursor' objects>
    └ <cursor object at 0x400259df30; closed: -1>

psycopg2.ProgrammingError: can't adapt type 'dict'
2023-08-22 10:42:58.757 ERROR    :: Task exception was never retrieved
future: <Task finished name='Task-19' coro=<consumer() done, defined at /usr/src/schema_storage_app/.venv/lib/python3.10/site-packages/aio_pika/queue.py:31> exception=ProgrammingError("can't adapt type 'dict'")>
Traceback (most recent call last):

> File "/usr/src/schema_storage_app/.venv/lib/python3.10/site-packages/aio_pika/queue.py", line 37, in consumer
    return await create_task(callback, message)
                 │           │         └ IncomingMessage:{'app_id': None,
                 │           │            'body_size': 1602,
                 │           │            'cluster_id': '',
                 │           │            'consumer_tag': 'ctag1.b8e88e0263d046efa9d7118c9ea3d...
                 │           └ <bound method SchemaStorageApp._process_message of <schema_storage_app_svc.SchemaStorageApp object at 0x40028316f0>>
                 └ <function create_task at 0x40031d5090>

  File "/usr/src/schema_storage_app/src/schema_storage/app/schema_storage_app_svc.py", line 76, in _process_message
    res = await self._create(mes)
                │    │       └ {'action': 'create', 'data': {'schema': {'comp_card': {'summary': {'constraints': {'required': True, 'data_type': 'str', 'max...
                │    └ <function SchemaStorageApp._create at 0x40044a40d0>
                └ <schema_storage_app_svc.SchemaStorageApp object at 0x40028316f0>

  File "/usr/src/schema_storage_app/src/schema_storage/app/schema_storage_app_svc.py", line 118, in _create
    schema_uuid = schema_manager.save(schema=schema)
                  │              │           └ {'schema': {'comp_card': {'summary': {'constraints': {'required': True, 'data_type': 'str', 'max_length': 500}, 'selectors': ...
                  │              └ <function SchemaManager.save at 0x40043dbbe0>
                  └ <src.schema_storage.app.schema_manager.SchemaManager object at 0x40044efa00>

  File "/usr/src/schema_storage_app/./src/schema_storage/app/schema_manager.py", line 24, in save
    cursor.execute(sql, {'schema': schema})
    │      │       │               └ {'schema': {'comp_card': {'summary': {'constraints': {'required': True, 'data_type': 'str', 'max_length': 500}, 'selectors': ...
    │      │       └ '\n                INSERT INTO schemas (schema) VALUES (%(schema)s) RETURNING id\n            '
    │      └ <method 'execute' of 'psycopg2.extensions.cursor' objects>
    └ <cursor object at 0x400259df30; closed: -1>

psycopg2.ProgrammingError: can't adapt type 'dict'
2023-08-22 10:47:46.462 INFO     :: Связь с AMQP сервером установлена.
2023-08-22 10:47:54.151 INFO     :: Связь с AMQP сервером установлена.
2023-08-22 14:53:44.817 INFO     :: Связь с AMQP сервером установлена.
2023-08-22 14:53:52.073 INFO     :: Связь с AMQP сервером установлена.
2023-08-22 14:53:59.828 INFO     :: Связь с AMQP сервером установлена.
2023-08-22 15:06:34.644 INFO     :: Связь с AMQP сервером установлена.
2023-08-22 15:06:41.941 INFO     :: Связь с AMQP сервером установлена.
2023-08-22 15:06:50.438 INFO     :: Связь с AMQP сервером установлена.
2023-08-22 15:07:51.354 INFO     :: Связь с AMQP сервером установлена.
2023-08-22 15:07:58.798 INFO     :: Связь с AMQP сервером установлена.
2023-08-22 15:07:59.202 INFO     :: {'schema_field': {'comp_card': {'summary': {'constraints': {'required': True, 'data_type': 'str', 'max_length': 500}, 'selectors': {'xpath': '//article[@class="article1"]/div[@class="text1"]/text()'}, 'postprocessors': {'geocode': None, 'translate': None, 'strip': None, 'prefix': '', 'suffix': '', 'initial_date_format': None, 'new_date_format': None}}, 'title': {'constraints': {'required': True, 'data_type': 'str', 'max_length': 500}, 'selectors': {'xpath': '//article[@class="article1"]/header/a/text()'}, 'postprocessors': {'geocode': None, 'translate': None, 'strip': None, 'prefix': None, 'suffix': None, 'initial_date_format': None, 'new_date_format': None}}, 'block_type': 'list', 'request': {'selectors': {'xpath': '//article[@class="article1"]/header/a/@href'}, 'postprocessors': None}, 'pagination': {'pagination_type': 'link', 'pagination_link': 'https://archi.ru/contests/?page=<<page_num>>'}}, 'comp_item': {'meta': {'constraints': {'required': True, 'data_type': 'str', 'max_length': 500}, 'selectors': {'xpath': "(//td[@class='rec_value_2 border_no'])[3]/text()"}, 'postprocessors': {'geocode': None, 'translate': 'en', 'strip': True, 'prefix': None, 'suffix': None, 'initial_date_format': None, 'new_date_format': None}}, 'register_date': {'constraints': {'required': True, 'data_type': 'str', 'max_length': 500}, 'selectors': {'xpath': "(//td[@class='rec_value_1'])[1]/text()"}, 'postprocessors': {'geocode': None, 'translate': None, 'strip': True, 'prefix': None, 'suffix': None, 'initial_date_format': '%d.%m.%Y', 'new_date_format': '%Y|%m|%d'}}}}}
2023-08-22 15:11:15.421 INFO     :: Связь с AMQP сервером установлена.
2023-08-22 15:11:23.038 INFO     :: Связь с AMQP сервером установлена.
2023-08-22 20:45:21.161 INFO     :: Связь с AMQP сервером установлена.
2023-08-22 20:45:28.772 INFO     :: Связь с AMQP сервером установлена.
2023-08-22 21:10:45.638 INFO     :: Связь с AMQP сервером установлена.
2023-08-22 21:10:53.875 INFO     :: Связь с AMQP сервером установлена.
2023-08-22 21:12:14.917 INFO     :: {'schema': {'comp_card': {'summary': {'constraints': {'required': True, 'data_type': 'str', 'max_length': 500}, 'selectors': {'xpath': '//article[@class="article1"]/div[@class="text1"]/text()'}, 'postprocessors': {'geocode': None, 'translate': None, 'strip': None, 'prefix': '', 'suffix': '', 'initial_date_format': None, 'new_date_format': None}}, 'title': {'constraints': {'required': True, 'data_type': 'str', 'max_length': 500}, 'selectors': {'xpath': '//article[@class="article1"]/header/a/text()'}, 'postprocessors': {'geocode': None, 'translate': None, 'strip': None, 'prefix': None, 'suffix': None, 'initial_date_format': None, 'new_date_format': None}}, 'block_type': 'list', 'request': {'selectors': {'xpath': '//article[@class="article1"]/header/a/@href'}, 'postprocessors': None}, 'pagination': {'pagination_type': 'link', 'pagination_link': 'https://archi.ru/contests/?page=<<page_num>>'}}, 'comp_item': {'meta': {'constraints': {'required': True, 'data_type': 'str', 'max_length': 500}, 'selectors': {'xpath': "(//td[@class='rec_value_2 border_no'])[3]/text()"}, 'postprocessors': {'geocode': None, 'translate': 'en', 'strip': True, 'prefix': None, 'suffix': None, 'initial_date_format': None, 'new_date_format': None}}, 'register_date': {'constraints': {'required': True, 'data_type': 'str', 'max_length': 500}, 'selectors': {'xpath': "(//td[@class='rec_value_1'])[1]/text()"}, 'postprocessors': {'geocode': None, 'translate': None, 'strip': True, 'prefix': None, 'suffix': None, 'initial_date_format': '%d.%m.%Y', 'new_date_format': '%Y|%m|%d'}}}}, 'template_uuid': 'c3d26407-1eac-4c96-827b-b3935ca79042'}
2023-08-22 21:12:14.931 INFO     :: None
2023-08-22 22:09:42.088 INFO     :: {'schema': {'comp_card': {'summary': {'constraints': {'required': True, 'data_type': 'str', 'max_length': 500}, 'selectors': {'xpath': '//article[@class="article1"]/div[@class="text1"]/text()'}, 'postprocessors': {'geocode': None, 'translate': None, 'strip': None, 'prefix': '', 'suffix': '', 'initial_date_format': None, 'new_date_format': None}}, 'title': {'constraints': {'required': True, 'data_type': 'str', 'max_length': 500}, 'selectors': {'xpath': '//article[@class="article1"]/header/a/text()'}, 'postprocessors': {'geocode': None, 'translate': None, 'strip': None, 'prefix': None, 'suffix': None, 'initial_date_format': None, 'new_date_format': None}}, 'block_type': 'list', 'request': {'selectors': {'xpath': '//article[@class="article1"]/header/a/@href'}, 'postprocessors': None}, 'pagination': {'pagination_type': 'link', 'pagination_link': 'https://archi.ru/contests/?page=<<page_num>>'}}, 'comp_item': {'meta': {'constraints': {'required': True, 'data_type': 'str', 'max_length': 500}, 'selectors': {'xpath': "(//td[@class='rec_value_2 border_no'])[3]/text()"}, 'postprocessors': {'geocode': None, 'translate': 'en', 'strip': True, 'prefix': None, 'suffix': None, 'initial_date_format': None, 'new_date_format': None}}, 'register_date': {'constraints': {'required': True, 'data_type': 'str', 'max_length': 500}, 'selectors': {'xpath': "(//td[@class='rec_value_1'])[1]/text()"}, 'postprocessors': {'geocode': None, 'translate': None, 'strip': True, 'prefix': None, 'suffix': None, 'initial_date_format': '%d.%m.%Y', 'new_date_format': '%Y|%m|%d'}}}}, 'template_uuid': 'c3d26407-1eac-4c96-827b-b3935ca79042'}
2023-08-22 22:09:42.109 INFO     :: None
2023-08-22 22:10:42.963 INFO     :: Связь с AMQP сервером установлена.
2023-08-22 22:10:50.289 INFO     :: Связь с AMQP сервером установлена.
2023-08-22 22:14:05.698 INFO     :: {'schema': {'comp_card': {'summary': {'constraints': {'required': True, 'data_type': 'str', 'max_length': 500}, 'selectors': {'xpath': '//article[@class="article1"]/div[@class="text1"]/text()'}, 'postprocessors': {'geocode': None, 'translate': None, 'strip': None, 'prefix': '', 'suffix': '', 'initial_date_format': None, 'new_date_format': None}}, 'title': {'constraints': {'required': True, 'data_type': 'str', 'max_length': 500}, 'selectors': {'xpath': '//article[@class="article1"]/header/a/text()'}, 'postprocessors': {'geocode': None, 'translate': None, 'strip': None, 'prefix': None, 'suffix': None, 'initial_date_format': None, 'new_date_format': None}}, 'block_type': 'list', 'request': {'selectors': {'xpath': '//article[@class="article1"]/header/a/@href'}, 'postprocessors': None}, 'pagination': {'pagination_type': 'link', 'pagination_link': 'https://archi.ru/contests/?page=<<page_num>>'}}, 'comp_item': {'meta': {'constraints': {'required': True, 'data_type': 'str', 'max_length': 500}, 'selectors': {'xpath': "(//td[@class='rec_value_2 border_no'])[3]/text()"}, 'postprocessors': {'geocode': None, 'translate': 'en', 'strip': True, 'prefix': None, 'suffix': None, 'initial_date_format': None, 'new_date_format': None}}, 'register_date': {'constraints': {'required': True, 'data_type': 'str', 'max_length': 500}, 'selectors': {'xpath': "(//td[@class='rec_value_1'])[1]/text()"}, 'postprocessors': {'geocode': None, 'translate': None, 'strip': True, 'prefix': None, 'suffix': None, 'initial_date_format': '%d.%m.%Y', 'new_date_format': '%Y|%m|%d'}}}}, 'template_uuid': 'c3d26407-1eac-4c96-827b-b3935ca79042'}
2023-08-22 22:14:05.816 INFO     :: {'template': {'comp_card': {'summary': {'constraints': {'required': True, 'data_type': 'str', 'max_length': 500}, 'selectors': {'xpath': None}, 'postprocessors': {'geocode': None, 'translate': None, 'strip': None, 'prefix': None, 'suffix': None, 'initial_date_format': None, 'new_date_format': None}}, 'title': {'constraints': {'required': True, 'data_type': 'str', 'max_length': 500}, 'selectors': {'xpath': None}, 'postprocessors': {'geocode': None, 'translate': None, 'strip': None, 'prefix': None, 'suffix': None, 'initial_date_format': None, 'new_date_format': None}}, 'block_type': 'list', 'request': {'selectors': None, 'postprocessors': None}, 'pagination': {'pagination_type': None, 'pagination_link': None}}, 'comp_item': {'meta': {'constraints': {'required': True, 'data_type': 'array', 'internal_type': 'str', 'max_length': 30}, 'selectors': {'xpath': None}, 'postprocessors': {'geocode': None, 'translate': None, 'strip': None, 'prefix': None, 'suffix': None, 'initial_date_format': None, 'new_date_format': None}}, 'register_date': {'constraints': {'required': True, 'data_type': 'date'}, 'selectors': {'xpath': None}, 'postprocessors': {'geocode': None, 'translate': None, 'strip': None, 'prefix': None, 'suffix': None, 'initial_date_format': None, 'new_date_format': None}}}}}
2023-08-22 22:15:35.754 INFO     :: Связь с AMQP сервером установлена.
2023-08-22 22:15:43.265 INFO     :: Связь с AMQP сервером установлена.
2023-08-22 22:20:05.105 INFO     :: {'schema': {'comp_card': {'summary': {'constraints': {'required': True, 'data_type': 'str', 'max_length': 500}, 'selectors': {'xpath': '//article[@class="article1"]/div[@class="text1"]/text()'}, 'postprocessors': {'geocode': None, 'translate': None, 'strip': None, 'prefix': '', 'suffix': '', 'initial_date_format': None, 'new_date_format': None}}, 'title': {'constraints': {'required': True, 'data_type': 'str', 'max_length': 500}, 'selectors': {'xpath': '//article[@class="article1"]/header/a/text()'}, 'postprocessors': {'geocode': None, 'translate': None, 'strip': None, 'prefix': None, 'suffix': None, 'initial_date_format': None, 'new_date_format': None}}, 'block_type': 'list', 'request': {'selectors': {'xpath': '//article[@class="article1"]/header/a/@href'}, 'postprocessors': None}, 'pagination': {'pagination_type': 'link', 'pagination_link': 'https://archi.ru/contests/?page=<<page_num>>'}}, 'comp_item': {'meta': {'constraints': {'required': True, 'data_type': 'str', 'max_length': 500}, 'selectors': {'xpath': "(//td[@class='rec_value_2 border_no'])[3]/text()"}, 'postprocessors': {'geocode': None, 'translate': 'en', 'strip': True, 'prefix': None, 'suffix': None, 'initial_date_format': None, 'new_date_format': None}}, 'register_date': {'constraints': {'required': True, 'data_type': 'str', 'max_length': 500}, 'selectors': {'xpath': "(//td[@class='rec_value_1'])[1]/text()"}, 'postprocessors': {'geocode': None, 'translate': None, 'strip': True, 'prefix': None, 'suffix': None, 'initial_date_format': '%d.%m.%Y', 'new_date_format': '%Y|%m|%d'}}}}, 'template_uuid': 'c3d26407-1eac-4c96-827b-b3935ca79042'}
2023-08-22 22:38:51.326 INFO     :: Связь с AMQP сервером установлена.
2023-08-22 22:38:58.747 INFO     :: Связь с AMQP сервером установлена.
2023-08-22 22:41:52.881 INFO     :: Связь с AMQP сервером установлена.
2023-08-22 22:56:17.235 INFO     :: Связь с AMQP сервером установлена.
2023-08-22 22:56:24.526 INFO     :: Связь с AMQP сервером установлена.
2023-08-22 22:57:03.940 INFO     :: Связь с AMQP сервером установлена.
2023-08-22 22:58:32.789 INFO     :: Связь с AMQP сервером установлена.
2023-08-22 22:58:40.086 INFO     :: Связь с AMQP сервером установлена.
2023-08-22 22:59:13.125 INFO     :: Связь с AMQP сервером установлена.
2023-08-22 22:59:58.249 INFO     :: Связь с AMQP сервером установлена.
2023-08-22 23:00:06.567 INFO     :: Связь с AMQP сервером установлена.
2023-08-22 23:00:09.513 INFO     :: {'schema': {'comp_card': {'summary': {'constraints': {'required': True, 'data_type': 'str', 'max_length': 500}, 'selectors': {'xpath': '//article[@class="article1"]/div[@class="text1"]/text()'}, 'postprocessors': {'geocode': None, 'translate': None, 'strip': None, 'prefix': '', 'suffix': '', 'initial_date_format': None, 'new_date_format': None}}, 'title': {'constraints': {'required': True, 'data_type': 'str', 'max_length': 500}, 'selectors': {'xpath': '//article[@class="article1"]/header/a/text()'}, 'postprocessors': {'geocode': None, 'translate': None, 'strip': None, 'prefix': None, 'suffix': None, 'initial_date_format': None, 'new_date_format': None}}, 'block_type': 'list', 'request': {'selectors': {'xpath': '//article[@class="article1"]/header/a/@href'}, 'postprocessors': None}, 'pagination': {'pagination_type': 'link', 'pagination_link': 'https://archi.ru/contests/?page=<<page_num>>'}}, 'comp_item': {'meta': {'constraints': {'required': True, 'data_type': 'str', 'max_length': 500}, 'selectors': {'xpath': "(//td[@class='rec_value_2 border_no'])[3]/text()"}, 'postprocessors': {'geocode': None, 'translate': 'en', 'strip': True, 'prefix': None, 'suffix': None, 'initial_date_format': None, 'new_date_format': None}}, 'register_date': {'constraints': {'required': True, 'data_type': 'str', 'max_length': 500}, 'selectors': {'xpath': "(//td[@class='rec_value_1'])[1]/text()"}, 'postprocessors': {'geocode': None, 'translate': None, 'strip': True, 'prefix': None, 'suffix': None, 'initial_date_format': '%d.%m.%Y', 'new_date_format': '%Y|%m|%d'}}}}}
2023-08-23 10:20:00.805 INFO     :: Связь с AMQP сервером установлена.
2023-08-23 10:20:08.124 INFO     :: Связь с AMQP сервером установлена.
2023-08-23 15:15:21.700 INFO     :: Связь с AMQP сервером установлена.
2023-08-23 15:15:29.701 INFO     :: Связь с AMQP сервером установлена.
2023-08-23 15:19:31.439 INFO     :: Связь с AMQP сервером установлена.
2023-08-23 15:19:38.922 INFO     :: Связь с AMQP сервером установлена.
2023-08-23 15:28:57.423 INFO     :: Связь с AMQP сервером установлена.
2023-08-23 15:29:05.014 INFO     :: Связь с AMQP сервером установлена.
2023-08-23 15:38:50.016 INFO     :: None
2023-08-23 16:06:38.011 INFO     :: None
2023-08-23 16:09:15.427 INFO     :: Связь с AMQP сервером установлена.
2023-08-23 16:09:23.568 INFO     :: Связь с AMQP сервером установлена.
2023-08-23 16:09:30.918 INFO     :: <connection object at 0x400452a5c0; dsn: 'user=crwl password=xxx dbname=crawly host=psql port=5432', closed: 0>
2023-08-23 16:18:12.117 INFO     :: None
2023-08-23 16:19:43.940 INFO     :: Связь с AMQP сервером установлена.
2023-08-23 16:19:51.337 INFO     :: Связь с AMQP сервером установлена.
2023-08-23 16:20:16.871 INFO     :: <connection object at 0x400452a5c0; dsn: 'user=crwl password=xxx dbname=crawly host=psql port=5432', closed: 0>
2023-08-23 16:20:20.642 INFO     :: Связь с AMQP сервером установлена.
2023-08-23 16:21:13.295 INFO     :: Связь с AMQP сервером установлена.
2023-08-23 16:21:20.609 INFO     :: Связь с AMQP сервером установлена.
2023-08-23 16:21:40.707 INFO     :: <connection object at 0x400452a5c0; dsn: 'user=crwl password=xxx dbname=crawly host=psql port=5432', closed: 0>
2023-08-23 17:44:35.728 INFO     :: Связь с AMQP сервером установлена.
2023-08-23 17:44:45.312 INFO     :: Связь с AMQP сервером установлена.
2023-08-23 17:55:01.926 ERROR    :: Unexpected connection close from remote "amqp://crwl:******@rabbitmq:5672/", Connection.Close(reply_code=320, reply_text="CONNECTION_FORCED - broker forced connection closure with reason 'shutdown'")
NoneType: None
2023-08-23 17:55:02.168 INFO     :: Connection to amqp://crwl:******@rabbitmq/ closed. Reconnecting after 5 seconds.
2023-08-24 08:53:23.938 INFO     :: Связь с AMQP сервером установлена.
2023-08-24 08:55:40.299 INFO     :: {'schema': {'competition_card': {'about': {'constraints': {'required': True, 'data_type': 'str', 'max_length': 500}, 'selectors': {'xpath': '//article[@class="article1"]/div[@class="text1"]/text()'}, 'postprocessors': {'geocode': None, 'translate': None, 'strip': None, 'prefix': None, 'suffix': None, 'initial_date_format': None, 'new_date_format': None}}, 'title': {'constraints': {'required': True, 'data_type': 'str', 'max_length': 500}, 'selectors': {'xpath': '//article[@class="article1"]/header/a/text()'}, 'postprocessors': {'geocode': None, 'translate': None, 'strip': None, 'prefix': None, 'suffix': None, 'initial_date_format': None, 'new_date_format': None}}, 'block_type': 'list', 'request': {'selectors': {'xpath': '//article[@class="article1"]/header/a/@href'}, 'postprocessors': None}, 'pagination': {'pagination_type': None, 'pagination_link': None}}, 'competition_item': {'meta': {'constraints': {'required': True, 'data_type': 'str', 'max_length': 500}, 'selectors': {'xpath': "(//td[@class='rec_value_2 border_no'])[3]/text()"}, 'postprocessors': {'geocode': None, 'translate': None, 'strip': None, 'prefix': None, 'suffix': None, 'initial_date_format': None, 'new_date_format': None}}}}}
2023-08-24 09:53:24.883 INFO     :: Связь с AMQP сервером установлена.
2023-08-24 09:53:34.624 INFO     :: Связь с AMQP сервером установлена.
2023-08-24 11:16:56.598 ERROR    :: Unexpected connection close from remote "amqp://crwl:******@rabbitmq:5672/", Connection.Close(reply_code=320, reply_text="CONNECTION_FORCED - broker forced connection closure with reason 'shutdown'")
NoneType: None
2023-08-24 11:16:56.763 INFO     :: Connection to amqp://crwl:******@rabbitmq/ closed. Reconnecting after 5 seconds.
2023-08-24 11:16:56.885 INFO     :: Connection to amqp://crwl:******@rabbitmq/ closed. Reconnecting after 5 seconds.
2023-08-24 11:16:56.914 WARNING  :: Connection attempt to "amqp://crwl:******@rabbitmq/" failed: [Errno 111] Connection refused. Reconnecting after 5 seconds.
2023-08-24 14:48:15.565 INFO     :: Связь с AMQP сервером установлена.
2023-08-24 14:50:12.189 INFO     :: Связь с AMQP сервером установлена.
2023-08-24 14:50:20.532 INFO     :: Связь с AMQP сервером установлена.
2023-08-24 14:54:48.062 INFO     :: Связь с AMQP сервером установлена.
2023-08-24 14:54:56.788 INFO     :: Связь с AMQP сервером установлена.
2023-08-24 15:00:08.388 INFO     :: Connection to amqp://crwl:******@rabbitmq/ closed. Reconnecting after 5 seconds.
2023-08-24 15:00:08.425 INFO     :: Connection to amqp://crwl:******@rabbitmq/ closed. Reconnecting after 5 seconds.
2023-08-24 15:00:08.436 WARNING  :: Connection attempt to "amqp://crwl:******@rabbitmq/" failed: [Errno 111] Connection refused. Reconnecting after 5 seconds.
2023-08-24 15:00:13.485 INFO     :: Connection to amqp://crwl:******@rabbitmq/ closed. Reconnecting after 5 seconds.
2023-08-24 15:00:13.497 WARNING  :: Connection attempt to "amqp://crwl:******@rabbitmq/" failed: [Errno -2] Name or service not known. Reconnecting after 5 seconds.
2023-08-24 15:00:18.516 INFO     :: Connection to amqp://crwl:******@rabbitmq/ closed. Reconnecting after 5 seconds.
2023-08-24 15:00:18.541 WARNING  :: Connection attempt to "amqp://crwl:******@rabbitmq/" failed: [Errno 111] Connection refused. Reconnecting after 5 seconds.
2023-08-24 15:02:08.782 INFO     :: {'schema': {'competition_card': {'about': {'constraints': {'required': True, 'data_type': 'str', 'max_length': 500}, 'selectors': {'xpath': '//article[@class="article1"]/div[@class="text1"]/text()'}, 'postprocessors': {'geocode': None, 'translate': None, 'strip': None, 'prefix': None, 'suffix': None, 'initial_date_format': None, 'new_date_format': None}}, 'title': {'constraints': {'required': True, 'data_type': 'str', 'max_length': 500}, 'selectors': {'xpath': '//article[@class="article1"]/header/a/text()'}, 'postprocessors': {'geocode': None, 'translate': None, 'strip': None, 'prefix': None, 'suffix': None, 'initial_date_format': None, 'new_date_format': None}}, 'block_type': 'list', 'request': {'selectors': {'xpath': '//article[@class="article1"]/header/a/@href'}, 'postprocessors': None}, 'pagination': {'pagination_type': None, 'pagination_link': None}}, 'competition_item': {'meta': {'constraints': {'required': True, 'data_type': 'str', 'max_length': 500}, 'selectors': {'xpath': "(//td[@class='rec_value_2 border_no'])[3]/text()"}, 'postprocessors': {'geocode': None, 'translate': None, 'strip': None, 'prefix': None, 'suffix': None, 'initial_date_format': None, 'new_date_format': None}}}}}
2023-08-24 15:02:51.127 ERROR    :: Unexpected connection close from remote "amqp://crwl:******@rabbitmq:5672/", Connection.Close(reply_code=320, reply_text="CONNECTION_FORCED - broker forced connection closure with reason 'shutdown'")
NoneType: None
2023-08-24 15:02:51.339 INFO     :: Connection to amqp://crwl:******@rabbitmq/ closed. Reconnecting after 5 seconds.
2023-08-24 15:02:51.384 INFO     :: Connection to amqp://crwl:******@rabbitmq/ closed. Reconnecting after 5 seconds.
2023-08-24 15:02:51.405 WARNING  :: Connection attempt to "amqp://crwl:******@rabbitmq/" failed: [Errno 111] Connection refused. Reconnecting after 5 seconds.
2023-08-24 15:50:03.050 INFO     :: Связь с AMQP сервером установлена.
2023-08-24 15:50:18.154 INFO     :: Связь с AMQP сервером установлена.
2023-08-24 15:51:00.219 ERROR    :: В сообщении {'cron': '* * * * *', 'resource_url': 'https://archi.ru/contests', 'language': 'ru', 'schema_uuid': '60f33114-d63d-4dc4-ba5f-f71a78cdd384', 'settings': {'max_items': 10}, 'item_collection_uuid': '60f33114-d63d-4dc4-ba5f-f71a78cdd384', 'schema': {'schema': {'competition_card': {'about': {'constraints': {'required': True, 'data_type': 'str', 'max_length': 500}, 'selectors': {'xpath': '//article[@class="article1"]/div[@class="text1"]/text()'}, 'postprocessors': {'geocode': None, 'translate': None, 'strip': None, 'prefix': None, 'suffix': None, 'initial_date_format': None, 'new_date_format': None}}, 'title': {'constraints': {'required': True, 'data_type': 'str', 'max_length': 500}, 'selectors': {'xpath': '//article[@class="article1"]/header/a/text()'}, 'postprocessors': {'geocode': None, 'translate': None, 'strip': None, 'prefix': None, 'suffix': None, 'initial_date_format': None, 'new_date_format': None}}, 'block_type': 'list', 'request': {'selectors': {'xpath': '//article[@class="article1"]/header/a/@href'}, 'postprocessors': None}, 'pagination': {'pagination_type': None, 'pagination_link': None}}, 'competition_item': {'meta': {'constraints': {'required': True, 'data_type': 'str', 'max_length': 500}, 'selectors': {'xpath': "(//td[@class='rec_value_2 border_no'])[3]/text()"}, 'postprocessors': {'geocode': None, 'translate': None, 'strip': None, 'prefix': None, 'suffix': None, 'initial_date_format': None, 'new_date_format': None}}}}}, 'task_uuid': '893b3d41-673b-4ce6-b4cc-9520c4533d33'} не указано действие.
2023-08-24 15:52:00.065 ERROR    :: В сообщении {'cron': '* * * * *', 'resource_url': 'https://archi.ru/contests', 'language': 'ru', 'schema_uuid': '60f33114-d63d-4dc4-ba5f-f71a78cdd384', 'settings': {'max_items': 10}, 'item_collection_uuid': '60f33114-d63d-4dc4-ba5f-f71a78cdd384', 'schema': {'schema': {'competition_card': {'about': {'constraints': {'required': True, 'data_type': 'str', 'max_length': 500}, 'selectors': {'xpath': '//article[@class="article1"]/div[@class="text1"]/text()'}, 'postprocessors': {'geocode': None, 'translate': None, 'strip': None, 'prefix': None, 'suffix': None, 'initial_date_format': None, 'new_date_format': None}}, 'title': {'constraints': {'required': True, 'data_type': 'str', 'max_length': 500}, 'selectors': {'xpath': '//article[@class="article1"]/header/a/text()'}, 'postprocessors': {'geocode': None, 'translate': None, 'strip': None, 'prefix': None, 'suffix': None, 'initial_date_format': None, 'new_date_format': None}}, 'block_type': 'list', 'request': {'selectors': {'xpath': '//article[@class="article1"]/header/a/@href'}, 'postprocessors': None}, 'pagination': {'pagination_type': None, 'pagination_link': None}}, 'competition_item': {'meta': {'constraints': {'required': True, 'data_type': 'str', 'max_length': 500}, 'selectors': {'xpath': "(//td[@class='rec_value_2 border_no'])[3]/text()"}, 'postprocessors': {'geocode': None, 'translate': None, 'strip': None, 'prefix': None, 'suffix': None, 'initial_date_format': None, 'new_date_format': None}}}}}, 'task_uuid': '893b3d41-673b-4ce6-b4cc-9520c4533d33'} не указано действие.
2023-08-24 15:53:00.083 ERROR    :: В сообщении {'cron': '* * * * *', 'resource_url': 'https://archi.ru/contests', 'language': 'ru', 'schema_uuid': '60f33114-d63d-4dc4-ba5f-f71a78cdd384', 'settings': {'max_items': 10}, 'item_collection_uuid': '60f33114-d63d-4dc4-ba5f-f71a78cdd384', 'schema': {'schema': {'competition_card': {'about': {'constraints': {'required': True, 'data_type': 'str', 'max_length': 500}, 'selectors': {'xpath': '//article[@class="article1"]/div[@class="text1"]/text()'}, 'postprocessors': {'geocode': None, 'translate': None, 'strip': None, 'prefix': None, 'suffix': None, 'initial_date_format': None, 'new_date_format': None}}, 'title': {'constraints': {'required': True, 'data_type': 'str', 'max_length': 500}, 'selectors': {'xpath': '//article[@class="article1"]/header/a/text()'}, 'postprocessors': {'geocode': None, 'translate': None, 'strip': None, 'prefix': None, 'suffix': None, 'initial_date_format': None, 'new_date_format': None}}, 'block_type': 'list', 'request': {'selectors': {'xpath': '//article[@class="article1"]/header/a/@href'}, 'postprocessors': None}, 'pagination': {'pagination_type': None, 'pagination_link': None}}, 'competition_item': {'meta': {'constraints': {'required': True, 'data_type': 'str', 'max_length': 500}, 'selectors': {'xpath': "(//td[@class='rec_value_2 border_no'])[3]/text()"}, 'postprocessors': {'geocode': None, 'translate': None, 'strip': None, 'prefix': None, 'suffix': None, 'initial_date_format': None, 'new_date_format': None}}}}}, 'task_uuid': '893b3d41-673b-4ce6-b4cc-9520c4533d33'} не указано действие.
2023-08-24 15:54:00.093 ERROR    :: В сообщении {'cron': '* * * * *', 'resource_url': 'https://archi.ru/contests', 'language': 'ru', 'schema_uuid': '60f33114-d63d-4dc4-ba5f-f71a78cdd384', 'settings': {'max_items': 10}, 'item_collection_uuid': '60f33114-d63d-4dc4-ba5f-f71a78cdd384', 'schema': {'schema': {'competition_card': {'about': {'constraints': {'required': True, 'data_type': 'str', 'max_length': 500}, 'selectors': {'xpath': '//article[@class="article1"]/div[@class="text1"]/text()'}, 'postprocessors': {'geocode': None, 'translate': None, 'strip': None, 'prefix': None, 'suffix': None, 'initial_date_format': None, 'new_date_format': None}}, 'title': {'constraints': {'required': True, 'data_type': 'str', 'max_length': 500}, 'selectors': {'xpath': '//article[@class="article1"]/header/a/text()'}, 'postprocessors': {'geocode': None, 'translate': None, 'strip': None, 'prefix': None, 'suffix': None, 'initial_date_format': None, 'new_date_format': None}}, 'block_type': 'list', 'request': {'selectors': {'xpath': '//article[@class="article1"]/header/a/@href'}, 'postprocessors': None}, 'pagination': {'pagination_type': None, 'pagination_link': None}}, 'competition_item': {'meta': {'constraints': {'required': True, 'data_type': 'str', 'max_length': 500}, 'selectors': {'xpath': "(//td[@class='rec_value_2 border_no'])[3]/text()"}, 'postprocessors': {'geocode': None, 'translate': None, 'strip': None, 'prefix': None, 'suffix': None, 'initial_date_format': None, 'new_date_format': None}}}}}, 'task_uuid': '893b3d41-673b-4ce6-b4cc-9520c4533d33'} не указано действие.
2023-08-24 21:24:00.261 INFO     :: Связь с AMQP сервером установлена.
2023-08-24 21:24:08.420 INFO     :: Связь с AMQP сервером установлена.
2023-08-24 21:25:56.961 INFO     :: Связь с AMQP сервером установлена.
2023-08-24 21:30:26.695 INFO     :: <connection object at 0x40045ca5c0; dsn: 'user=crwl password=xxx dbname=crawly host=psql port=5432', closed: 0>
2023-08-24 21:37:50.985 INFO     :: Связь с AMQP сервером установлена.
2023-08-24 21:38:00.688 INFO     :: Связь с AMQP сервером установлена.
2023-08-24 21:38:21.600 INFO     :: <connection object at 0x400452a5c0; dsn: 'user=crwl password=xxx dbname=crawly host=psql port=5432', closed: 0>
2023-08-24 21:47:26.747 INFO     :: Связь с AMQP сервером установлена.
2023-08-24 21:47:34.195 INFO     :: Связь с AMQP сервером установлена.
2023-08-24 21:47:38.835 INFO     :: {'error': 'Not found'}
2023-08-24 21:47:42.653 INFO     :: Связь с AMQP сервером установлена.
2023-08-24 21:57:55.660 INFO     :: Связь с AMQP сервером установлена.
2023-08-24 21:58:04.048 INFO     :: Связь с AMQP сервером установлена.
2023-08-24 21:58:41.007 INFO     :: {'schema': {'competition_card': {'about': {'constraints': {'required': True, 'data_type': 'str', 'max_length': 500}, 'selectors': {'xpath': '//article[@class="article1"]/div[@class="text1"]/text()'}, 'postprocessors': {'geocode': None, 'translate': None, 'strip': None, 'prefix': None, 'suffix': None, 'initial_date_format': None, 'new_date_format': None}}, 'title': {'constraints': {'required': True, 'data_type': 'str', 'max_length': 500}, 'selectors': {'xpath': '//article[@class="article1"]/header/a/text()'}, 'postprocessors': {'geocode': None, 'translate': None, 'strip': None, 'prefix': None, 'suffix': None, 'initial_date_format': None, 'new_date_format': None}}, 'block_type': 'list', 'request': {'selectors': {'xpath': '//article[@class="article1"]/header/a/@href'}, 'postprocessors': None}, 'pagination': {'pagination_type': None, 'pagination_link': None}}, 'competition_item': {'meta': {'constraints': {'required': True, 'data_type': 'str', 'max_length': 500}, 'selectors': {'xpath': "(//td[@class='rec_value_2 border_no'])[3]/text()"}, 'postprocessors': {'geocode': None, 'translate': None, 'strip': None, 'prefix': None, 'suffix': None, 'initial_date_format': None, 'new_date_format': None}}}}}
2023-08-24 21:59:00.073 ERROR    :: Неизвестное действие spider.start.
2023-08-24 22:00:00.072 ERROR    :: Неизвестное действие spider.start.
2023-08-24 22:01:00.084 ERROR    :: Неизвестное действие spider.start.
2023-08-24 22:02:00.080 ERROR    :: Неизвестное действие spider.start.
2023-08-24 22:03:00.090 ERROR    :: Неизвестное действие spider.start.
2023-08-24 22:03:44.368 ERROR    :: Unexpected connection close from remote "amqp://crwl:******@rabbitmq:5672/", Connection.Close(reply_code=320, reply_text="CONNECTION_FORCED - broker forced connection closure with reason 'shutdown'")
NoneType: None
2023-08-24 22:03:44.478 INFO     :: Connection to amqp://crwl:******@rabbitmq/ closed. Reconnecting after 5 seconds.
2023-08-24 22:20:43.430 INFO     :: Связь с AMQP сервером установлена.
2023-08-24 22:20:52.759 INFO     :: Связь с AMQP сервером установлена.
2023-08-24 22:21:00.083 ERROR    :: Неизвестное действие spider.start.
2023-08-24 22:22:00.095 ERROR    :: Неизвестное действие spider.start.
2023-08-24 22:23:00.084 ERROR    :: Неизвестное действие spider.start.
2023-08-24 22:24:00.077 ERROR    :: Неизвестное действие spider.start.
2023-08-24 22:25:00.081 ERROR    :: Неизвестное действие spider.start.
2023-08-24 22:26:00.082 ERROR    :: Неизвестное действие spider.start.
2023-08-24 22:26:14.755 ERROR    :: В сообщении {'test': 'test'} не указано действие.
2023-08-24 22:27:00.078 ERROR    :: Неизвестное действие spider.start.
2023-08-24 22:29:00.095 ERROR    :: Неизвестное действие spider.start.
2023-08-24 22:30:00.060 ERROR    :: Неизвестное действие spider.start.
2023-08-24 22:31:33.906 INFO     :: {'schema': {'competition_card': {'about': {'constraints': {'required': True, 'data_type': 'str', 'max_length': 500}, 'selectors': {'xpath': '//article[@class="article1"]/div[@class="text1"]/text()'}, 'postprocessors': {'geocode': None, 'translate': None, 'strip': None, 'prefix': None, 'suffix': None, 'initial_date_format': None, 'new_date_format': None}}, 'title': {'constraints': {'required': True, 'data_type': 'str', 'max_length': 500}, 'selectors': {'xpath': '//article[@class="article1"]/header/a/text()'}, 'postprocessors': {'geocode': None, 'translate': None, 'strip': None, 'prefix': None, 'suffix': None, 'initial_date_format': None, 'new_date_format': None}}, 'block_type': 'list', 'request': {'selectors': {'xpath': '//article[@class="article1"]/header/a/@href'}, 'postprocessors': None}, 'pagination': {'pagination_type': None, 'pagination_link': None}}, 'competition_item': {'meta': {'constraints': {'required': True, 'data_type': 'str', 'max_length': 500}, 'selectors': {'xpath': "(//td[@class='rec_value_2 border_no'])[3]/text()"}, 'postprocessors': {'geocode': None, 'translate': None, 'strip': None, 'prefix': None, 'suffix': None, 'initial_date_format': None, 'new_date_format': None}}}}}
2023-09-01 14:35:44.316 INFO     :: Связь с AMQP сервером установлена.
2023-09-01 14:35:53.748 INFO     :: Связь с AMQP сервером установлена.
2023-09-01 14:46:46.929 INFO     :: Связь с AMQP сервером установлена.
2023-09-01 14:59:18.292 INFO     :: Связь с AMQP сервером установлена.
2023-09-01 14:59:28.456 INFO     :: Связь с AMQP сервером установлена.
2023-09-01 14:59:34.796 INFO     :: Связь с AMQP сервером установлена.
2023-09-01 15:05:48.812 INFO     :: {'schema': {'competition_card': {'about': {'constraints': {'required': True, 'data_type': 'array', 'internal_type': 'str', 'max_length': 30, 'group': False}, 'selectors': {'xpath': ''}, 'postprocessors': {'geocode': None, 'source_lang': None, 'target_lang': None, 'strip': None, 'prefix': None, 'suffix': None, 'initial_date_format': None, 'new_date_format': None}}, 'title': {'constraints': {'required': True, 'data_type': 'array', 'internal_type': 'str', 'max_length': 30, 'group': False}, 'selectors': {'xpath': '//article[@class="article1"]/header/a/text()'}, 'postprocessors': {'geocode': None, 'source_lang': None, 'target_lang': None, 'strip': None, 'prefix': None, 'suffix': None, 'initial_date_format': None, 'new_date_format': None}}, 'request': {'selectors': {'xpath': '//article[@class="article1"]/header/a/@href'}, 'postprocessors': {'geocode': None, 'source_lang': None, 'target_lang': None, 'strip': None, 'prefix': None, 'suffix': None, 'initial_date_format': None, 'new_date_format': None}}, 'pagination': {}}, 'competition_item': {'meta': {'constraints': {'required': True, 'data_type': 'str', 'max_length': 500, 'index': False}, 'selectors': {'xpath': "(//td[@class='rec_value_2 border_no'])[3]/text()"}, 'postprocessors': {'geocode': None, 'source_lang': None, 'target_lang': None, 'strip': None, 'prefix': None, 'suffix': None, 'initial_date_format': None, 'new_date_format': None}}}}}
2023-09-01 15:24:03.948 INFO     :: {'schema': {'competition_card': {'about': {'constraints': {'required': True, 'data_type': 'array', 'internal_type': 'str', 'max_length': 30, 'group': False}, 'selectors': {'xpath': ''}, 'postprocessors': {'geocode': None, 'source_lang': None, 'target_lang': None, 'strip': None, 'prefix': None, 'suffix': None, 'initial_date_format': None, 'new_date_format': None}}, 'title': {'constraints': {'required': True, 'data_type': 'array', 'internal_type': 'str', 'max_length': 30, 'group': False}, 'selectors': {'xpath': '//article[@class="article1"]/header/a/text()'}, 'postprocessors': {'geocode': None, 'source_lang': None, 'target_lang': None, 'strip': None, 'prefix': None, 'suffix': None, 'initial_date_format': None, 'new_date_format': None}}, 'request': {'selectors': {'xpath': '//article[@class="article1"]/header/a/@href'}, 'postprocessors': {'geocode': None, 'source_lang': None, 'target_lang': None, 'strip': None, 'prefix': None, 'suffix': None, 'initial_date_format': None, 'new_date_format': None}}, 'pagination': {}}, 'competition_item': {'meta': {'constraints': {'required': True, 'data_type': 'str', 'max_length': 500, 'index': False}, 'selectors': {'xpath': "(//td[@class='rec_value_2 border_no'])[3]/text()"}, 'postprocessors': {'geocode': None, 'source_lang': None, 'target_lang': None, 'strip': None, 'prefix': None, 'suffix': None, 'initial_date_format': None, 'new_date_format': None}}}}}
2023-09-01 15:45:25.230 ERROR    :: Unexpected connection close from remote "amqp://crwl:******@rabbitmq:5672/", Connection.Close(reply_code=320, reply_text="CONNECTION_FORCED - broker forced connection closure with reason 'shutdown'")
NoneType: None
2023-09-01 15:45:25.462 INFO     :: Connection to amqp://crwl:******@rabbitmq/ closed. Reconnecting after 5 seconds.
2023-09-01 16:07:11.094 INFO     :: Связь с AMQP сервером установлена.
2023-09-01 16:07:20.355 INFO     :: Связь с AMQP сервером установлена.
2023-09-01 16:12:59.138 INFO     :: Связь с AMQP сервером установлена.
2023-09-01 16:13:08.515 INFO     :: Связь с AMQP сервером установлена.
2023-09-01 20:44:18.152 INFO     :: Связь с AMQP сервером установлена.
2023-09-01 20:44:27.713 INFO     :: Связь с AMQP сервером установлена.
2023-09-01 21:03:16.106 INFO     :: Связь с AMQP сервером установлена.
2023-09-01 21:03:26.307 INFO     :: Связь с AMQP сервером установлена.
2023-09-01 21:04:28.857 INFO     :: Связь с AMQP сервером установлена.
2023-09-01 21:04:38.221 INFO     :: Связь с AMQP сервером установлена.
2023-09-01 21:06:32.006 INFO     :: Связь с AMQP сервером установлена.
2023-09-01 21:06:41.644 INFO     :: Связь с AMQP сервером установлена.
2023-09-01 21:31:48.809 INFO     :: Связь с AMQP сервером установлена.
2023-09-01 21:34:44.565 INFO     :: Связь с AMQP сервером установлена.
2023-09-01 21:34:51.977 INFO     :: Связь с AMQP сервером установлена.
2023-09-01 21:34:57.123 ERROR    :: {'schema': {'competition_card': {'about': {'constraints': {'required': True, 'data_type': 'array', 'internal_type': 'str', 'max_length': 30, 'group': False}, 'selectors': {'xpath': None}, 'postprocessors': {'geocode': None, 'source_lang': None, 'target_lang': None, 'strip': None, 'prefix': None, 'suffix': None, 'initial_date_format': None, 'new_date_format': None}}, 'request': {'constraints': {'required': True, 'data_type': 'array', 'internal_type': 'str', 'max_length': 30, 'group': False}, 'selectors': {'xpath': None}, 'postprocessors': {'geocode': None, 'source_lang': None, 'target_lang': None, 'strip': None, 'prefix': None, 'suffix': None, 'initial_date_format': None, 'new_date_format': None}}, 'title': {'constraints': {'required': True, 'data_type': 'array', 'internal_type': 'str', 'max_length': 30, 'group': False}, 'selectors': {'xpath': None}, 'postprocessors': {'geocode': None, 'source_lang': None, 'target_lang': None, 'strip': None, 'prefix': None, 'suffix': None, 'initial_date_format': None, 'new_date_format': None}}, 'pagination': {}}, 'competition_item': {'meta': {'constraints': {'required': True, 'data_type': 'str', 'max_length': 500, 'index': False}, 'selectors': {'xpath': None}, 'postprocessors': {'geocode': None, 'source_lang': None, 'target_lang': None, 'strip': None, 'prefix': None, 'suffix': None, 'initial_date_format': None, 'new_date_format': None}}}}}
2023-09-01 21:35:00.809 INFO     :: Связь с AMQP сервером установлена.
2023-09-01 21:42:29.226 INFO     :: Связь с AMQP сервером установлена.
2023-09-01 21:42:39.634 INFO     :: Связь с AMQP сервером установлена.
2023-09-01 21:46:49.380 INFO     :: Связь с AMQP сервером установлена.
2023-09-01 21:46:59.511 INFO     :: Связь с AMQP сервером установлена.
2023-09-01 21:58:37.233 INFO     :: Связь с AMQP сервером установлена.
2023-09-01 21:58:46.681 INFO     :: Связь с AMQP сервером установлена.
2023-09-02 00:06:20.998 INFO     :: Связь с AMQP сервером установлена.
2023-09-02 00:06:30.697 INFO     :: Связь с AMQP сервером установлена.
2023-09-02 00:31:54.239 INFO     :: Связь с AMQP сервером установлена.
2023-09-02 00:32:03.690 INFO     :: Связь с AMQP сервером установлена.
2023-09-02 19:59:49.093 INFO     :: Связь с AMQP сервером установлена.
2023-09-02 19:59:59.273 INFO     :: Связь с AMQP сервером установлена.
2023-09-02 20:00:57.232 ERROR    :: {'competition_card': {'about': {'constraints': {'required': True, 'data_type': 'array', 'internal_type': 'str', 'max_length': 30, 'group': False}, 'selectors': {'xpath': None}, 'postprocessors': {'geocode': None, 'source_lang': None, 'target_lang': None, 'strip': None, 'prefix': None, 'suffix': None, 'initial_date_format': None, 'new_date_format': None}}, 'request': {'constraints': {'required': True, 'data_type': 'array', 'internal_type': 'str', 'max_length': 30, 'group': False}, 'selectors': {'xpath': None}, 'postprocessors': {'geocode': None, 'source_lang': None, 'target_lang': None, 'strip': None, 'prefix': None, 'suffix': None, 'initial_date_format': None, 'new_date_format': None}}, 'title': {'constraints': {'required': True, 'data_type': 'array', 'internal_type': 'str', 'max_length': 30, 'group': False}, 'selectors': {'xpath': None}, 'postprocessors': {'geocode': None, 'source_lang': None, 'target_lang': None, 'strip': None, 'prefix': None, 'suffix': None, 'initial_date_format': None, 'new_date_format': None}}}, 'competition_item': {'meta': {'constraints': {'required': True, 'data_type': 'str', 'max_length': 500, 'index': False}, 'selectors': {'xpath': None}, 'postprocessors': {'geocode': None, 'source_lang': None, 'target_lang': None, 'strip': None, 'prefix': None, 'suffix': None, 'initial_date_format': None, 'new_date_format': None}}}}
2023-09-02 20:01:00.968 INFO     :: Связь с AMQP сервером установлена.
2023-09-02 20:02:25.504 INFO     :: Связь с AMQP сервером установлена.
2023-09-02 20:02:33.068 INFO     :: Связь с AMQP сервером установлена.
2023-09-02 20:02:36.576 ERROR    :: {'competition_card': {'about': {'constraints': {'required': True, 'data_type': 'array', 'internal_type': 'str', 'max_length': 30, 'group': False}, 'selectors': {'xpath': None}, 'postprocessors': {'geocode': None, 'source_lang': None, 'target_lang': None, 'strip': None, 'prefix': None, 'suffix': None, 'initial_date_format': None, 'new_date_format': None}}, 'request': {'constraints': {'required': True, 'data_type': 'array', 'internal_type': 'str', 'max_length': 30, 'group': False}, 'selectors': {'xpath': None}, 'postprocessors': {'geocode': None, 'source_lang': None, 'target_lang': None, 'strip': None, 'prefix': None, 'suffix': None, 'initial_date_format': None, 'new_date_format': None}}, 'title': {'constraints': {'required': True, 'data_type': 'array', 'internal_type': 'str', 'max_length': 30, 'group': False}, 'selectors': {'xpath': None}, 'postprocessors': {'geocode': None, 'source_lang': None, 'target_lang': None, 'strip': None, 'prefix': None, 'suffix': None, 'initial_date_format': None, 'new_date_format': None}}}, 'competition_item': {'meta': {'constraints': {'required': True, 'data_type': 'str', 'max_length': 500, 'index': False}, 'selectors': {'xpath': None}, 'postprocessors': {'geocode': None, 'source_lang': None, 'target_lang': None, 'strip': None, 'prefix': None, 'suffix': None, 'initial_date_format': None, 'new_date_format': None}}}}
2023-09-02 20:02:43.857 ERROR    :: {'error': {'code': '404', 'message': 'Template 59f47dfe-9ee9-6a3-8bcb-6f0e116a557e not found'}}
2023-09-02 20:03:02.043 INFO     :: {'schema': {'competition_card': {'about': {'constraints': {'required': True, 'data_type': 'array', 'internal_type': 'str', 'max_length': 30, 'group': False}, 'selectors': {'xpath': '//article[@class="article1"]/div[@class="text1"]/text()'}, 'postprocessors': {'geocode': None, 'source_lang': None, 'target_lang': None, 'strip': True, 'prefix': None, 'suffix': None, 'initial_date_format': None, 'new_date_format': None}}, 'request': {'constraints': {'required': True, 'data_type': 'array', 'internal_type': 'str', 'max_length': 30, 'group': False}, 'selectors': {'xpath': '//article[@class="article1"]/header/a/@href'}, 'postprocessors': {'geocode': None, 'source_lang': None, 'target_lang': None, 'strip': None, 'prefix': None, 'suffix': None, 'initial_date_format': None, 'new_date_format': None}}, 'title': {'constraints': {'required': True, 'data_type': 'array', 'internal_type': 'str', 'max_length': 30, 'group': False}, 'selectors': {'xpath': '//article[@class="article1"]/header/a/text()'}, 'postprocessors': {'geocode': None, 'source_lang': None, 'target_lang': None, 'strip': True, 'prefix': None, 'suffix': None, 'initial_date_format': None, 'new_date_format': None}}, 'pagination': {}}, 'competition_item': {'meta': {'constraints': {'required': True, 'data_type': 'str', 'max_length': 500, 'index': False}, 'selectors': {'xpath': "(//td[@class='rec_value_2 border_no'])[3]/text()"}, 'postprocessors': {'geocode': None, 'source_lang': None, 'target_lang': None, 'strip': True, 'prefix': None, 'suffix': None, 'initial_date_format': None, 'new_date_format': None}}}}}
2023-09-02 20:56:31.498 INFO     :: Связь с AMQP сервером установлена.
2023-09-02 20:56:41.657 INFO     :: Связь с AMQP сервером установлена.
2023-09-02 21:09:29.115 ERROR    :: {'competition_card': {'about': {'constraints': {'required': True, 'data_type': 'array', 'internal_type': 'str', 'max_length': 30, 'group': False}, 'selectors': {'xpath': None}, 'postprocessors': {'geocode': None, 'source_lang': None, 'target_lang': None, 'strip': None, 'prefix': None, 'suffix': None, 'initial_date_format': None, 'new_date_format': None}}, 'request': {'constraints': {'required': True, 'data_type': 'array', 'internal_type': 'str', 'max_length': 30, 'group': False}, 'selectors': {'xpath': None}, 'postprocessors': {'geocode': None, 'source_lang': None, 'target_lang': None, 'strip': None, 'prefix': None, 'suffix': None, 'initial_date_format': None, 'new_date_format': None}}, 'title': {'constraints': {'required': True, 'data_type': 'array', 'internal_type': 'str', 'max_length': 30, 'group': False}, 'selectors': {'xpath': None}, 'postprocessors': {'geocode': None, 'source_lang': None, 'target_lang': None, 'strip': None, 'prefix': None, 'suffix': None, 'initial_date_format': None, 'new_date_format': None}}}, 'competition_item': {'meta': {'constraints': {'required': True, 'data_type': 'str', 'max_length': 500, 'index': False}, 'selectors': {'xpath': None}, 'postprocessors': {'geocode': None, 'source_lang': None, 'target_lang': None, 'strip': None, 'prefix': None, 'suffix': None, 'initial_date_format': None, 'new_date_format': None}}}}
2023-09-02 21:09:34.951 ERROR    :: {'error': {'code': '404', 'message': 'Template 59f47dfe-9ee9-46a3-8bcb-6f0e116a557e not found'}}
2023-09-02 21:09:49.210 ERROR    :: {'competition_card': {'about': {'constraints': {'required': True, 'data_type': 'array', 'internal_type': 'str', 'max_length': 30, 'group': False}, 'selectors': {'xpath': None}, 'postprocessors': {'geocode': None, 'source_lang': None, 'target_lang': None, 'strip': None, 'prefix': None, 'suffix': None, 'initial_date_format': None, 'new_date_format': None}}, 'request': {'constraints': {'required': True, 'data_type': 'array', 'internal_type': 'str', 'max_length': 30, 'group': False}, 'selectors': {'xpath': None}, 'postprocessors': {'geocode': None, 'source_lang': None, 'target_lang': None, 'strip': None, 'prefix': None, 'suffix': None, 'initial_date_format': None, 'new_date_format': None}}, 'title': {'constraints': {'required': True, 'data_type': 'array', 'internal_type': 'str', 'max_length': 30, 'group': False}, 'selectors': {'xpath': None}, 'postprocessors': {'geocode': None, 'source_lang': None, 'target_lang': None, 'strip': None, 'prefix': None, 'suffix': None, 'initial_date_format': None, 'new_date_format': None}}}, 'competition_item': {'meta': {'constraints': {'required': True, 'data_type': 'str', 'max_length': 500, 'index': False}, 'selectors': {'xpath': None}, 'postprocessors': {'geocode': None, 'source_lang': None, 'target_lang': None, 'strip': None, 'prefix': None, 'suffix': None, 'initial_date_format': None, 'new_date_format': None}}}}
2023-09-02 21:10:59.944 INFO     :: {'schema': {'competition_card': {'about': {'constraints': {'required': True, 'data_type': 'array', 'internal_type': 'str', 'max_length': 30, 'group': False}, 'selectors': {'xpath': '//article[@class="article1"]/div[@class="text1"]/text()'}, 'postprocessors': {'geocode': None, 'source_lang': None, 'target_lang': None, 'strip': True, 'prefix': None, 'suffix': None, 'initial_date_format': None, 'new_date_format': None}}, 'request': {'constraints': {'required': True, 'data_type': 'array', 'internal_type': 'str', 'max_length': 30, 'group': False}, 'selectors': {'xpath': '//article[@class="article1"]/header/a/@href'}, 'postprocessors': {'geocode': None, 'source_lang': None, 'target_lang': None, 'strip': None, 'prefix': None, 'suffix': None, 'initial_date_format': None, 'new_date_format': None}}, 'title': {'constraints': {'required': True, 'data_type': 'array', 'internal_type': 'str', 'max_length': 30, 'group': False}, 'selectors': {'xpath': '//article[@class="article1"]/header/a/text()'}, 'postprocessors': {'geocode': None, 'source_lang': None, 'target_lang': None, 'strip': True, 'prefix': None, 'suffix': None, 'initial_date_format': None, 'new_date_format': None}}, 'pagination': {}}, 'competition_item': {'meta': {'constraints': {'required': True, 'data_type': 'str', 'max_length': 500, 'index': False}, 'selectors': {'xpath': "(//td[@class='rec_value_2 border_no'])[3]/text()"}, 'postprocessors': {'geocode': None, 'source_lang': None, 'target_lang': None, 'strip': True, 'prefix': None, 'suffix': None, 'initial_date_format': None, 'new_date_format': None}}}}}
2023-09-03 11:51:28.400 INFO     :: Связь с AMQP сервером установлена.
2023-09-03 12:19:43.496 ERROR    :: Unexpected connection close from remote "amqp://crwl:******@rabbitmq:5672/", Connection.Close(reply_code=320, reply_text="CONNECTION_FORCED - broker forced connection closure with reason 'shutdown'")
NoneType: None
2023-09-03 12:19:44.312 INFO     :: Connection to amqp://crwl:******@rabbitmq/ closed. Reconnecting after 5 seconds.
